{"C:\\Users\\kylee\\asora\\functions\\auth\\token.ts": {"path":"C:\\Users\\kylee\\asora\\functions\\auth\\token.ts","statementMap":{"0":{"start":{"line":9,"column":0},"end":{"line":9,"column":89}},"1":{"start":{"line":10,"column":0},"end":{"line":10,"column":45}},"2":{"start":{"line":11,"column":0},"end":{"line":11,"column":82}},"3":{"start":{"line":12,"column":0},"end":{"line":12,"column":79}},"4":{"start":{"line":13,"column":0},"end":{"line":13,"column":72}},"5":{"start":{"line":14,"column":0},"end":{"line":14,"column":33}},"6":{"start":{"line":15,"column":0},"end":{"line":15,"column":36}},"7":{"start":{"line":17,"column":15},"end":{"line":17,"column":43}},"8":{"start":{"line":20,"column":21},"end":{"line":20,"column":81}},"9":{"start":{"line":21,"column":17},"end":{"line":21,"column":83}},"10":{"start":{"line":22,"column":23},"end":{"line":22,"column":50}},"11":{"start":{"line":23,"column":26},"end":{"line":23,"column":61}},"12":{"start":{"line":26,"column":19},"end":{"line":26,"column":78}},"13":{"start":{"line":27,"column":19},"end":{"line":27,"column":57}},"14":{"start":{"line":28,"column":28},"end":{"line":28,"column":33}},"15":{"start":{"line":29,"column":29},"end":{"line":29,"column":33}},"16":{"start":{"line":69,"column":45},"end":{"line":69,"column":60}},"17":{"start":{"line":68,"column":2},"end":{"line":68,"column":36}},"18":{"start":{"line":72,"column":20},"end":{"line":178,"column":1}},"19":{"start":{"line":76,"column":20},"end":{"line":76,"column":30}},"20":{"start":{"line":78,"column":2},"end":{"line":177,"column":3}},"21":{"start":{"line":80,"column":4},"end":{"line":82,"column":5}},"22":{"start":{"line":81,"column":6},"end":{"line":81,"column":96}},"23":{"start":{"line":84,"column":4},"end":{"line":88,"column":7}},"24":{"start":{"line":91,"column":17},"end":{"line":91,"column":49}},"25":{"start":{"line":92,"column":29},"end":{"line":92,"column":54}},"26":{"start":{"line":94,"column":4},"end":{"line":96,"column":5}},"27":{"start":{"line":95,"column":6},"end":{"line":95,"column":88}},"28":{"start":{"line":99,"column":4},"end":{"line":101,"column":5}},"29":{"start":{"line":100,"column":6},"end":{"line":100,"column":95}},"30":{"start":{"line":103,"column":31},"end":{"line":103,"column":67}},"31":{"start":{"line":104,"column":4},"end":{"line":106,"column":5}},"32":{"start":{"line":105,"column":6},"end":{"line":105,"column":59}},"33":{"start":{"line":111,"column":4},"end":{"line":120,"column":5}},"34":{"start":{"line":113,"column":8},"end":{"line":113,"column":82}},"35":{"start":{"line":114,"column":8},"end":{"line":114,"column":14}},"36":{"start":{"line":116,"column":8},"end":{"line":116,"column":77}},"37":{"start":{"line":117,"column":8},"end":{"line":117,"column":14}},"38":{"start":{"line":119,"column":8},"end":{"line":119,"column":120}},"39":{"start":{"line":122,"column":21},"end":{"line":122,"column":43}},"40":{"start":{"line":124,"column":4},"end":{"line":129,"column":7}},"41":{"start":{"line":131,"column":4},"end":{"line":134,"column":7}},"42":{"start":{"line":137,"column":21},"end":{"line":137,"column":43}},"43":{"start":{"line":138,"column":25},"end":{"line":138,"column":79}},"44":{"start":{"line":139,"column":23},"end":{"line":139,"column":71}},"45":{"start":{"line":141,"column":4},"end":{"line":155,"column":5}},"46":{"start":{"line":143,"column":6},"end":{"line":154,"column":8}},"47":{"start":{"line":157,"column":4},"end":{"line":162,"column":7}},"48":{"start":{"line":164,"column":4},"end":{"line":170,"column":6}},"49":{"start":{"line":172,"column":4},"end":{"line":176,"column":6}},"50":{"start":{"line":185,"column":2},"end":{"line":187,"column":3}},"51":{"start":{"line":186,"column":4},"end":{"line":186,"column":115}},"52":{"start":{"line":189,"column":2},"end":{"line":193,"column":5}},"53":{"start":{"line":196,"column":23},"end":{"line":202,"column":4}},"54":{"start":{"line":204,"column":34},"end":{"line":207,"column":15}},"55":{"start":{"line":209,"column":2},"end":{"line":211,"column":3}},"56":{"start":{"line":210,"column":4},"end":{"line":210,"column":71}},"57":{"start":{"line":213,"column":31},"end":{"line":213,"column":42}},"58":{"start":{"line":216,"column":2},"end":{"line":218,"column":3}},"59":{"start":{"line":217,"column":4},"end":{"line":217,"column":54}},"60":{"start":{"line":221,"column":2},"end":{"line":223,"column":3}},"61":{"start":{"line":222,"column":4},"end":{"line":222,"column":45}},"62":{"start":{"line":226,"column":14},"end":{"line":226,"column":78}},"63":{"start":{"line":227,"column":17},"end":{"line":227,"column":42}},"64":{"start":{"line":228,"column":14},"end":{"line":228,"column":36}},"65":{"start":{"line":229,"column":20},"end":{"line":229,"column":94}},"66":{"start":{"line":229,"column":35},"end":{"line":229,"column":94}},"67":{"start":{"line":230,"column":24},"end":{"line":230,"column":62}},"68":{"start":{"line":231,"column":16},"end":{"line":231,"column":87}},"69":{"start":{"line":232,"column":2},"end":{"line":234,"column":3}},"70":{"start":{"line":233,"column":4},"end":{"line":233,"column":50}},"71":{"start":{"line":237,"column":2},"end":{"line":242,"column":7}},"72":{"start":{"line":245,"column":2},"end":{"line":247,"column":3}},"73":{"start":{"line":246,"column":4},"end":{"line":246,"column":56}},"74":{"start":{"line":249,"column":18},"end":{"line":249,"column":82}},"75":{"start":{"line":250,"column":2},"end":{"line":252,"column":3}},"76":{"start":{"line":251,"column":4},"end":{"line":251,"column":38}},"77":{"start":{"line":254,"column":29},"end":{"line":254,"column":45}},"78":{"start":{"line":256,"column":2},"end":{"line":258,"column":3}},"79":{"start":{"line":257,"column":4},"end":{"line":257,"column":53}},"80":{"start":{"line":261,"column":2},"end":{"line":265,"column":7}},"81":{"start":{"line":268,"column":23},"end":{"line":277,"column":4}},"82":{"start":{"line":279,"column":22},"end":{"line":282,"column":4}},"83":{"start":{"line":284,"column":23},"end":{"line":290,"column":null}},"84":{"start":{"line":293,"column":2},"end":{"line":299,"column":4}},"85":{"start":{"line":301,"column":2},"end":{"line":314,"column":4}},"86":{"start":{"line":321,"column":2},"end":{"line":323,"column":3}},"87":{"start":{"line":322,"column":4},"end":{"line":322,"column":55}},"88":{"start":{"line":325,"column":2},"end":{"line":328,"column":5}},"89":{"start":{"line":330,"column":2},"end":{"line":383,"column":3}},"90":{"start":{"line":332,"column":20},"end":{"line":332,"column":69}},"91":{"start":{"line":334,"column":4},"end":{"line":336,"column":5}},"92":{"start":{"line":335,"column":6},"end":{"line":335,"column":44}},"93":{"start":{"line":339,"column":20},"end":{"line":339,"column":78}},"94":{"start":{"line":340,"column":4},"end":{"line":342,"column":5}},"95":{"start":{"line":341,"column":6},"end":{"line":341,"column":40}},"96":{"start":{"line":344,"column":31},"end":{"line":344,"column":47}},"97":{"start":{"line":346,"column":4},"end":{"line":348,"column":5}},"98":{"start":{"line":347,"column":6},"end":{"line":347,"column":50}},"99":{"start":{"line":351,"column":25},"end":{"line":359,"column":6}},"100":{"start":{"line":361,"column":24},"end":{"line":364,"column":6}},"101":{"start":{"line":366,"column":4},"end":{"line":372,"column":6}},"102":{"start":{"line":374,"column":4},"end":{"line":379,"column":6}},"103":{"start":{"line":382,"column":4},"end":{"line":382,"column":56}},"104":{"start":{"line":387,"column":0},"end":{"line":394,"column":1}},"105":{"start":{"line":388,"column":2},"end":{"line":393,"column":5}},"106":{"start":{"line":396,"column":0},"end":{"line":396,"column":27}}},"fnMap":{"0":{"name":"(anonymous_6)","decl":{"start":{"line":69,"column":2},"end":{"line":69,"column":14}},"loc":{"start":{"line":69,"column":41},"end":{"line":69,"column":62}}},"1":{"name":"(anonymous_7)","decl":{"start":{"line":72,"column":20},"end":{"line":72,"column":25}},"loc":{"start":{"line":74,"column":28},"end":{"line":178,"column":1}}},"2":{"name":"handleAuthorizationCodeGrant","decl":{"start":{"line":180,"column":15},"end":{"line":180,"column":43}},"loc":{"start":{"line":182,"column":19},"end":{"line":315,"column":1}}},"3":{"name":"(anonymous_9)","decl":{"start":{"line":229,"column":20},"end":{"line":229,"column":21}},"loc":{"start":{"line":229,"column":35},"end":{"line":229,"column":94}}},"4":{"name":"handleRefreshTokenGrant","decl":{"start":{"line":317,"column":15},"end":{"line":317,"column":38}},"loc":{"start":{"line":319,"column":19},"end":{"line":384,"column":1}}}},"branchMap":{"0":{"loc":{"start":{"line":20,"column":38},"end":{"line":20,"column":80}},"type":"binary-expr","locations":[{"start":{"line":20,"column":38},"end":{"line":20,"column":74}},{"start":{"line":20,"column":78},"end":{"line":20,"column":80}}]},"1":{"loc":{"start":{"line":21,"column":39},"end":{"line":21,"column":82}},"type":"binary-expr","locations":[{"start":{"line":21,"column":39},"end":{"line":21,"column":71}},{"start":{"line":21,"column":75},"end":{"line":21,"column":82}}]},"2":{"loc":{"start":{"line":26,"column":19},"end":{"line":26,"column":78}},"type":"binary-expr","locations":[{"start":{"line":26,"column":19},"end":{"line":26,"column":41}},{"start":{"line":26,"column":45},"end":{"line":26,"column":78}}]},"3":{"loc":{"start":{"line":27,"column":19},"end":{"line":27,"column":57}},"type":"binary-expr","locations":[{"start":{"line":27,"column":19},"end":{"line":27,"column":41}},{"start":{"line":27,"column":45},"end":{"line":27,"column":57}}]},"4":{"loc":{"start":{"line":69,"column":14},"end":{"line":69,"column":41}},"type":"default-arg","locations":[{"start":{"line":69,"column":24},"end":{"line":69,"column":41}}]},"5":{"loc":{"start":{"line":80,"column":4},"end":{"line":82,"column":5}},"type":"if","locations":[{"start":{"line":80,"column":4},"end":{"line":82,"column":5}}]},"6":{"loc":{"start":{"line":94,"column":4},"end":{"line":96,"column":5}},"type":"if","locations":[{"start":{"line":94,"column":4},"end":{"line":96,"column":5}}]},"7":{"loc":{"start":{"line":95,"column":38},"end":{"line":95,"column":86}},"type":"binary-expr","locations":[{"start":{"line":95,"column":38},"end":{"line":95,"column":60}},{"start":{"line":95,"column":64},"end":{"line":95,"column":86}}]},"8":{"loc":{"start":{"line":99,"column":4},"end":{"line":101,"column":5}},"type":"if","locations":[{"start":{"line":99,"column":4},"end":{"line":101,"column":5}}]},"9":{"loc":{"start":{"line":99,"column":8},"end":{"line":99,"column":43}},"type":"binary-expr","locations":[{"start":{"line":99,"column":8},"end":{"line":99,"column":23}},{"start":{"line":99,"column":27},"end":{"line":99,"column":43}}]},"10":{"loc":{"start":{"line":104,"column":4},"end":{"line":106,"column":5}},"type":"if","locations":[{"start":{"line":104,"column":4},"end":{"line":106,"column":5}}]},"11":{"loc":{"start":{"line":111,"column":4},"end":{"line":120,"column":5}},"type":"switch","locations":[{"start":{"line":112,"column":6},"end":{"line":114,"column":14}},{"start":{"line":115,"column":6},"end":{"line":117,"column":14}},{"start":{"line":118,"column":6},"end":{"line":119,"column":120}}]},"12":{"loc":{"start":{"line":138,"column":25},"end":{"line":138,"column":79}},"type":"cond-expr","locations":[{"start":{"line":138,"column":50},"end":{"line":138,"column":63}},{"start":{"line":138,"column":66},"end":{"line":138,"column":79}}]},"13":{"loc":{"start":{"line":139,"column":23},"end":{"line":139,"column":71}},"type":"cond-expr","locations":[{"start":{"line":139,"column":48},"end":{"line":139,"column":59}},{"start":{"line":139,"column":62},"end":{"line":139,"column":71}}]},"14":{"loc":{"start":{"line":141,"column":4},"end":{"line":155,"column":5}},"type":"if","locations":[{"start":{"line":141,"column":4},"end":{"line":155,"column":5}}]},"15":{"loc":{"start":{"line":175,"column":6},"end":{"line":175,"column":71}},"type":"cond-expr","locations":[{"start":{"line":175,"column":47},"end":{"line":175,"column":59}},{"start":{"line":175,"column":62},"end":{"line":175,"column":71}}]},"16":{"loc":{"start":{"line":185,"column":2},"end":{"line":187,"column":3}},"type":"if","locations":[{"start":{"line":185,"column":2},"end":{"line":187,"column":3}}]},"17":{"loc":{"start":{"line":185,"column":6},"end":{"line":185,"column":61}},"type":"binary-expr","locations":[{"start":{"line":185,"column":6},"end":{"line":185,"column":16}},{"start":{"line":185,"column":20},"end":{"line":185,"column":38}},{"start":{"line":185,"column":42},"end":{"line":185,"column":61}}]},"18":{"loc":{"start":{"line":209,"column":2},"end":{"line":211,"column":3}},"type":"if","locations":[{"start":{"line":209,"column":2},"end":{"line":211,"column":3}}]},"19":{"loc":{"start":{"line":216,"column":2},"end":{"line":218,"column":3}},"type":"if","locations":[{"start":{"line":216,"column":2},"end":{"line":218,"column":3}}]},"20":{"loc":{"start":{"line":221,"column":2},"end":{"line":223,"column":3}},"type":"if","locations":[{"start":{"line":221,"column":2},"end":{"line":223,"column":3}}]},"21":{"loc":{"start":{"line":230,"column":34},"end":{"line":230,"column":61}},"type":"binary-expr","locations":[{"start":{"line":230,"column":34},"end":{"line":230,"column":55}},{"start":{"line":230,"column":59},"end":{"line":230,"column":61}}]},"22":{"loc":{"start":{"line":231,"column":16},"end":{"line":231,"column":87}},"type":"binary-expr","locations":[{"start":{"line":231,"column":16},"end":{"line":231,"column":51}},{"start":{"line":231,"column":55},"end":{"line":231,"column":87}}]},"23":{"loc":{"start":{"line":232,"column":2},"end":{"line":234,"column":3}},"type":"if","locations":[{"start":{"line":232,"column":2},"end":{"line":234,"column":3}}]},"24":{"loc":{"start":{"line":245,"column":2},"end":{"line":247,"column":3}},"type":"if","locations":[{"start":{"line":245,"column":2},"end":{"line":247,"column":3}}]},"25":{"loc":{"start":{"line":250,"column":2},"end":{"line":252,"column":3}},"type":"if","locations":[{"start":{"line":250,"column":2},"end":{"line":252,"column":3}}]},"26":{"loc":{"start":{"line":256,"column":2},"end":{"line":258,"column":3}},"type":"if","locations":[{"start":{"line":256,"column":2},"end":{"line":258,"column":3}}]},"27":{"loc":{"start":{"line":321,"column":2},"end":{"line":323,"column":3}},"type":"if","locations":[{"start":{"line":321,"column":2},"end":{"line":323,"column":3}}]},"28":{"loc":{"start":{"line":334,"column":4},"end":{"line":336,"column":5}},"type":"if","locations":[{"start":{"line":334,"column":4},"end":{"line":336,"column":5}}]},"29":{"loc":{"start":{"line":340,"column":4},"end":{"line":342,"column":5}},"type":"if","locations":[{"start":{"line":340,"column":4},"end":{"line":342,"column":5}}]},"30":{"loc":{"start":{"line":346,"column":4},"end":{"line":348,"column":5}},"type":"if","locations":[{"start":{"line":346,"column":4},"end":{"line":348,"column":5}}]},"31":{"loc":{"start":{"line":387,"column":0},"end":{"line":394,"column":1}},"type":"if","locations":[{"start":{"line":387,"column":0},"end":{"line":394,"column":1}}]}},"s":{"0":2,"1":2,"2":2,"3":2,"4":2,"5":2,"6":2,"7":2,"8":2,"9":2,"10":2,"11":2,"12":2,"13":2,"14":2,"15":2,"16":2,"17":2,"18":2,"19":22,"20":22,"21":22,"22":1,"23":21,"24":21,"25":21,"26":21,"27":1,"28":20,"29":1,"30":19,"31":19,"32":1,"33":18,"34":11,"35":2,"36":6,"37":1,"38":1,"39":3,"40":3,"41":3,"42":14,"43":14,"44":14,"45":14,"46":2,"47":12,"48":12,"49":12,"50":11,"51":1,"52":10,"53":10,"54":10,"55":10,"56":1,"57":9,"58":9,"59":1,"60":8,"61":1,"62":7,"63":7,"64":7,"65":7,"66":15,"67":7,"68":7,"69":7,"70":1,"71":6,"72":6,"73":1,"74":5,"75":5,"76":1,"77":4,"78":4,"79":2,"80":2,"81":2,"82":2,"83":2,"84":2,"85":2,"86":6,"87":1,"88":5,"89":5,"90":5,"91":4,"92":1,"93":3,"94":3,"95":1,"96":2,"97":2,"98":1,"99":1,"100":1,"101":1,"102":1,"103":4,"104":2,"105":0,"106":2},"f":{"0":2,"1":22,"2":11,"3":15,"4":6},"b":{"0":[2,2],"1":[2,2],"2":[2,2],"3":[2,2],"4":[0],"5":[1],"6":[1],"7":[1,0],"8":[1],"9":[20,19],"10":[1],"11":[11,6,1],"12":[14,0],"13":[14,0],"14":[2],"15":[0,12],"16":[1],"17":[11,10,10],"18":[1],"19":[1],"20":[1],"21":[7,0],"22":[7,1],"23":[1],"24":[1],"25":[1],"26":[2],"27":[1],"28":[1],"29":[1],"30":[1],"31":[0]}}
,"C:\\Users\\kylee\\asora\\functions\\health\\healthCheck.ts": {"path":"C:\\Users\\kylee\\asora\\functions\\health\\healthCheck.ts","statementMap":{"0":{"start":{"line":7,"column":0},"end":{"line":7,"column":7}},"1":{"start":{"line":11,"column":4},"end":{"line":11,"column":48}},"2":{"start":{"line":14,"column":27},"end":{"line":20,"column":6}},"3":{"start":{"line":22,"column":4},"end":{"line":28,"column":6}}},"fnMap":{"0":{"name":"healthCheck","decl":{"start":{"line":7,"column":22},"end":{"line":7,"column":33}},"loc":{"start":{"line":9,"column":30},"end":{"line":29,"column":1}}}},"branchMap":{},"s":{"0":1,"1":4,"2":4,"3":4},"f":{"0":4},"b":{}}
,"C:\\Users\\kylee\\asora\\functions\\shared\\azure-logger.ts": {"path":"C:\\Users\\kylee\\asora\\functions\\shared\\azure-logger.ts","statementMap":{"0":{"start":{"line":83,"column":0},"end":{"line":83,"column":16}},"1":{"start":{"line":88,"column":0},"end":{"line":88,"column":16}},"2":{"start":{"line":106,"column":0},"end":{"line":106,"column":16}},"3":{"start":{"line":124,"column":0},"end":{"line":124,"column":16}},"4":{"start":{"line":143,"column":0},"end":{"line":143,"column":16}},"5":{"start":{"line":157,"column":0},"end":{"line":157,"column":16}},"6":{"start":{"line":176,"column":0},"end":{"line":176,"column":16}},"7":{"start":{"line":191,"column":0},"end":{"line":191,"column":16}},"8":{"start":{"line":195,"column":0},"end":{"line":195,"column":16}},"9":{"start":{"line":24,"column":22},"end":{"line":24,"column":39}},"10":{"start":{"line":27,"column":4},"end":{"line":27,"column":39}},"11":{"start":{"line":31,"column":4},"end":{"line":31,"column":39}},"12":{"start":{"line":35,"column":4},"end":{"line":35,"column":40}},"13":{"start":{"line":39,"column":4},"end":{"line":41,"column":5}},"14":{"start":{"line":40,"column":6},"end":{"line":40,"column":42}},"15":{"start":{"line":45,"column":21},"end":{"line":51,"column":6}},"16":{"start":{"line":54,"column":4},"end":{"line":54,"column":42}},"17":{"start":{"line":57,"column":4},"end":{"line":59,"column":5}},"18":{"start":{"line":58,"column":6},"end":{"line":58,"column":63}},"19":{"start":{"line":65,"column":4},"end":{"line":78,"column":5}},"20":{"start":{"line":68,"column":6},"end":{"line":73,"column":7}},"21":{"start":{"line":70,"column":8},"end":{"line":70,"column":76}},"22":{"start":{"line":71,"column":13},"end":{"line":73,"column":7}},"23":{"start":{"line":72,"column":8},"end":{"line":72,"column":74}},"24":{"start":{"line":76,"column":27},"end":{"line":76,"column":81}},"25":{"start":{"line":77,"column":6},"end":{"line":77,"column":89}},"26":{"start":{"line":84,"column":2},"end":{"line":84,"column":46}},"27":{"start":{"line":96,"column":2},"end":{"line":103,"column":5}},"28":{"start":{"line":114,"column":2},"end":{"line":121,"column":5}},"29":{"start":{"line":131,"column":16},"end":{"line":131,"column":41}},"30":{"start":{"line":132,"column":18},"end":{"line":132,"column":81}},"31":{"start":{"line":134,"column":2},"end":{"line":140,"column":5}},"32":{"start":{"line":149,"column":2},"end":{"line":154,"column":5}},"33":{"start":{"line":165,"column":2},"end":{"line":172,"column":5}},"34":{"start":{"line":181,"column":2},"end":{"line":187,"column":5}},"35":{"start":{"line":192,"column":2},"end":{"line":192,"column":74}},"36":{"start":{"line":196,"column":2},"end":{"line":196,"column":75}}},"fnMap":{"0":{"name":"(anonymous_0)","decl":{"start":{"line":24,"column":2},"end":{"line":24,"column":22}},"loc":{"start":{"line":24,"column":39},"end":{"line":24,"column":43}}},"1":{"name":"(anonymous_1)","decl":{"start":{"line":26,"column":2},"end":{"line":26,"column":6}},"loc":{"start":{"line":26,"column":44},"end":{"line":28,"column":3}}},"2":{"name":"(anonymous_2)","decl":{"start":{"line":30,"column":2},"end":{"line":30,"column":6}},"loc":{"start":{"line":30,"column":44},"end":{"line":32,"column":3}}},"3":{"name":"(anonymous_3)","decl":{"start":{"line":34,"column":2},"end":{"line":34,"column":7}},"loc":{"start":{"line":34,"column":45},"end":{"line":36,"column":3}}},"4":{"name":"(anonymous_4)","decl":{"start":{"line":38,"column":2},"end":{"line":38,"column":7}},"loc":{"start":{"line":38,"column":45},"end":{"line":42,"column":3}}},"5":{"name":"(anonymous_5)","decl":{"start":{"line":44,"column":10},"end":{"line":44,"column":13}},"loc":{"start":{"line":44,"column":66},"end":{"line":60,"column":3}}},"6":{"name":"(anonymous_6)","decl":{"start":{"line":62,"column":10},"end":{"line":62,"column":35}},"loc":{"start":{"line":62,"column":81},"end":{"line":79,"column":3}}},"7":{"name":"getAzureLogger","decl":{"start":{"line":83,"column":16},"end":{"line":83,"column":30}},"loc":{"start":{"line":83,"column":48},"end":{"line":85,"column":1}}},"8":{"name":"logHttpRequest","decl":{"start":{"line":88,"column":16},"end":{"line":88,"column":30}},"loc":{"start":{"line":94,"column":20},"end":{"line":104,"column":1}}},"9":{"name":"logDatabaseOperation","decl":{"start":{"line":106,"column":16},"end":{"line":106,"column":36}},"loc":{"start":{"line":112,"column":20},"end":{"line":122,"column":1}}},"10":{"name":"logAuthAttempt","decl":{"start":{"line":124,"column":16},"end":{"line":124,"column":30}},"loc":{"start":{"line":129,"column":20},"end":{"line":141,"column":1}}},"11":{"name":"logBusinessEvent","decl":{"start":{"line":143,"column":16},"end":{"line":143,"column":32}},"loc":{"start":{"line":147,"column":20},"end":{"line":155,"column":1}}},"12":{"name":"logPerformanceMetric","decl":{"start":{"line":157,"column":16},"end":{"line":157,"column":36}},"loc":{"start":{"line":163,"column":20},"end":{"line":173,"column":1}}},"13":{"name":"logError","decl":{"start":{"line":176,"column":16},"end":{"line":176,"column":24}},"loc":{"start":{"line":179,"column":22},"end":{"line":188,"column":1}}},"14":{"name":"generateCorrelationId","decl":{"start":{"line":191,"column":16},"end":{"line":191,"column":37}},"loc":{"start":{"line":191,"column":37},"end":{"line":193,"column":1}}},"15":{"name":"extractCorrelationId","decl":{"start":{"line":195,"column":16},"end":{"line":195,"column":36}},"loc":{"start":{"line":195,"column":68},"end":{"line":197,"column":1}}}},"branchMap":{"0":{"loc":{"start":{"line":39,"column":4},"end":{"line":41,"column":5}},"type":"if","locations":[{"start":{"line":39,"column":4},"end":{"line":41,"column":5}}]},"1":{"loc":{"start":{"line":39,"column":8},"end":{"line":39,"column":83}},"type":"binary-expr","locations":[{"start":{"line":39,"column":8},"end":{"line":39,"column":46}},{"start":{"line":39,"column":50},"end":{"line":39,"column":83}}]},"2":{"loc":{"start":{"line":57,"column":4},"end":{"line":59,"column":5}},"type":"if","locations":[{"start":{"line":57,"column":4},"end":{"line":59,"column":5}}]},"3":{"loc":{"start":{"line":57,"column":8},"end":{"line":57,"column":91}},"type":"binary-expr","locations":[{"start":{"line":57,"column":8},"end":{"line":57,"column":38}},{"start":{"line":57,"column":42},"end":{"line":57,"column":91}}]},"4":{"loc":{"start":{"line":68,"column":6},"end":{"line":73,"column":7}},"type":"if","locations":[{"start":{"line":68,"column":6},"end":{"line":73,"column":7}},{"start":{"line":71,"column":13},"end":{"line":73,"column":7}}]},"5":{"loc":{"start":{"line":71,"column":13},"end":{"line":73,"column":7}},"type":"if","locations":[{"start":{"line":71,"column":13},"end":{"line":73,"column":7}}]},"6":{"loc":{"start":{"line":76,"column":27},"end":{"line":76,"column":81}},"type":"cond-expr","locations":[{"start":{"line":76,"column":52},"end":{"line":76,"column":65}},{"start":{"line":76,"column":68},"end":{"line":76,"column":81}}]},"7":{"loc":{"start":{"line":131,"column":16},"end":{"line":131,"column":41}},"type":"cond-expr","locations":[{"start":{"line":131,"column":26},"end":{"line":131,"column":32}},{"start":{"line":131,"column":35},"end":{"line":131,"column":41}}]},"8":{"loc":{"start":{"line":132,"column":18},"end":{"line":132,"column":81}},"type":"cond-expr","locations":[{"start":{"line":132,"column":28},"end":{"line":132,"column":55}},{"start":{"line":132,"column":58},"end":{"line":132,"column":81}}]},"9":{"loc":{"start":{"line":161,"column":2},"end":{"line":161,"column":21}},"type":"default-arg","locations":[{"start":{"line":161,"column":17},"end":{"line":161,"column":21}}]},"10":{"loc":{"start":{"line":196,"column":9},"end":{"line":196,"column":74}},"type":"binary-expr","locations":[{"start":{"line":196,"column":9},"end":{"line":196,"column":36}},{"start":{"line":196,"column":40},"end":{"line":196,"column":74}}]}},"s":{"0":5,"1":5,"2":5,"3":5,"4":5,"5":5,"6":5,"7":5,"8":5,"9":10,"10":47,"11":14,"12":14,"13":3,"14":2,"15":77,"16":77,"17":77,"18":3,"19":3,"20":3,"21":1,"22":2,"23":2,"24":1,"25":1,"26":10,"27":1,"28":1,"29":16,"30":16,"31":16,"32":0,"33":1,"34":0,"35":0,"36":2},"f":{"0":10,"1":47,"2":14,"3":14,"4":3,"5":77,"6":3,"7":10,"8":1,"9":1,"10":16,"11":0,"12":1,"13":0,"14":0,"15":2},"b":{"0":[2],"1":[3,2],"2":[3],"3":[77,77],"4":[1,2],"5":[2],"6":[1,0],"7":[4,12],"8":[4,12],"9":[0],"10":[2,1]}}
,"C:\\Users\\kylee\\asora\\functions\\shared\\http-utils.ts": {"path":"C:\\Users\\kylee\\asora\\functions\\shared\\http-utils.ts","statementMap":{"0":{"start":{"line":26,"column":0},"end":{"line":26,"column":16}},"1":{"start":{"line":57,"column":0},"end":{"line":57,"column":16}},"2":{"start":{"line":90,"column":0},"end":{"line":90,"column":16}},"3":{"start":{"line":107,"column":0},"end":{"line":107,"column":16}},"4":{"start":{"line":133,"column":0},"end":{"line":133,"column":16}},"5":{"start":{"line":147,"column":0},"end":{"line":147,"column":16}},"6":{"start":{"line":185,"column":0},"end":{"line":185,"column":16}},"7":{"start":{"line":31,"column":39},"end":{"line":35,"column":4}},"8":{"start":{"line":37,"column":2},"end":{"line":51,"column":4}},"9":{"start":{"line":63,"column":34},"end":{"line":68,"column":4}},"10":{"start":{"line":70,"column":2},"end":{"line":84,"column":4}},"11":{"start":{"line":91,"column":2},"end":{"line":101,"column":4}},"12":{"start":{"line":112,"column":2},"end":{"line":117,"column":3}},"13":{"start":{"line":113,"column":4},"end":{"line":116,"column":6}},"14":{"start":{"line":120,"column":2},"end":{"line":125,"column":3}},"15":{"start":{"line":121,"column":4},"end":{"line":124,"column":6}},"16":{"start":{"line":127,"column":2},"end":{"line":127,"column":33}},"17":{"start":{"line":134,"column":2},"end":{"line":136,"column":3}},"18":{"start":{"line":135,"column":4},"end":{"line":135,"column":16}},"19":{"start":{"line":138,"column":2},"end":{"line":138,"column":33}},"20":{"start":{"line":145,"column":23},"end":{"line":145,"column":78}},"21":{"start":{"line":152,"column":14},"end":{"line":152,"column":24}},"22":{"start":{"line":153,"column":17},"end":{"line":153,"column":47}},"23":{"start":{"line":155,"column":2},"end":{"line":164,"column":3}},"24":{"start":{"line":157,"column":22},"end":{"line":157,"column":36}},"25":{"start":{"line":158,"column":4},"end":{"line":158,"column":60}},"26":{"start":{"line":159,"column":4},"end":{"line":163,"column":6}},"27":{"start":{"line":166,"column":2},"end":{"line":172,"column":3}},"28":{"start":{"line":167,"column":4},"end":{"line":171,"column":6}},"29":{"start":{"line":174,"column":2},"end":{"line":174,"column":17}},"30":{"start":{"line":175,"column":2},"end":{"line":179,"column":4}},"31":{"start":{"line":186,"column":14},"end":{"line":186,"column":24}},"32":{"start":{"line":187,"column":2},"end":{"line":191,"column":3}},"33":{"start":{"line":188,"column":4},"end":{"line":190,"column":5}},"34":{"start":{"line":189,"column":6},"end":{"line":189,"column":33}}},"fnMap":{"0":{"name":"createSuccessResponse","decl":{"start":{"line":26,"column":16},"end":{"line":26,"column":37}},"loc":{"start":{"line":29,"column":26},"end":{"line":52,"column":1}}},"1":{"name":"createErrorResponse","decl":{"start":{"line":57,"column":16},"end":{"line":57,"column":35}},"loc":{"start":{"line":61,"column":48},"end":{"line":85,"column":1}}},"2":{"name":"createCorsResponse","decl":{"start":{"line":90,"column":16},"end":{"line":90,"column":34}},"loc":{"start":{"line":90,"column":34},"end":{"line":102,"column":1}}},"3":{"name":"handleCorsAndMethod","decl":{"start":{"line":107,"column":16},"end":{"line":107,"column":35}},"loc":{"start":{"line":109,"column":26},"end":{"line":128,"column":1}}},"4":{"name":"extractAuthToken","decl":{"start":{"line":133,"column":16},"end":{"line":133,"column":32}},"loc":{"start":{"line":133,"column":52},"end":{"line":139,"column":1}}},"5":{"name":"cleanupRateLimitStore","decl":{"start":{"line":185,"column":16},"end":{"line":185,"column":37}},"loc":{"start":{"line":185,"column":37},"end":{"line":192,"column":1}}}},"branchMap":{"0":{"loc":{"start":{"line":28,"column":2},"end":{"line":28,"column":48}},"type":"default-arg","locations":[{"start":{"line":28,"column":46},"end":{"line":28,"column":48}}]},"1":{"loc":{"start":{"line":29,"column":2},"end":{"line":29,"column":26}},"type":"default-arg","locations":[{"start":{"line":29,"column":23},"end":{"line":29,"column":26}}]},"2":{"loc":{"start":{"line":61,"column":2},"end":{"line":61,"column":48}},"type":"default-arg","locations":[{"start":{"line":61,"column":46},"end":{"line":61,"column":48}}]},"3":{"loc":{"start":{"line":66,"column":11},"end":{"line":66,"column":69}},"type":"cond-expr","locations":[{"start":{"line":66,"column":52},"end":{"line":66,"column":57}},{"start":{"line":66,"column":60},"end":{"line":66,"column":69}}]},"4":{"loc":{"start":{"line":112,"column":2},"end":{"line":117,"column":3}},"type":"if","locations":[{"start":{"line":112,"column":2},"end":{"line":117,"column":3}}]},"5":{"loc":{"start":{"line":120,"column":2},"end":{"line":125,"column":3}},"type":"if","locations":[{"start":{"line":120,"column":2},"end":{"line":125,"column":3}}]},"6":{"loc":{"start":{"line":134,"column":2},"end":{"line":136,"column":3}},"type":"if","locations":[{"start":{"line":134,"column":2},"end":{"line":136,"column":3}}]},"7":{"loc":{"start":{"line":134,"column":6},"end":{"line":134,"column":54}},"type":"binary-expr","locations":[{"start":{"line":134,"column":6},"end":{"line":134,"column":17}},{"start":{"line":134,"column":21},"end":{"line":134,"column":54}}]},"8":{"loc":{"start":{"line":149,"column":2},"end":{"line":149,"column":27}},"type":"default-arg","locations":[{"start":{"line":149,"column":24},"end":{"line":149,"column":27}}]},"9":{"loc":{"start":{"line":150,"column":2},"end":{"line":150,"column":30}},"type":"default-arg","locations":[{"start":{"line":150,"column":21},"end":{"line":150,"column":30}}]},"10":{"loc":{"start":{"line":155,"column":2},"end":{"line":164,"column":3}},"type":"if","locations":[{"start":{"line":155,"column":2},"end":{"line":164,"column":3}}]},"11":{"loc":{"start":{"line":155,"column":6},"end":{"line":155,"column":39}},"type":"binary-expr","locations":[{"start":{"line":155,"column":6},"end":{"line":155,"column":13}},{"start":{"line":155,"column":17},"end":{"line":155,"column":39}}]},"12":{"loc":{"start":{"line":166,"column":2},"end":{"line":172,"column":3}},"type":"if","locations":[{"start":{"line":166,"column":2},"end":{"line":172,"column":3}}]},"13":{"loc":{"start":{"line":188,"column":4},"end":{"line":190,"column":5}},"type":"if","locations":[{"start":{"line":188,"column":4},"end":{"line":190,"column":5}}]}},"s":{"0":5,"1":5,"2":5,"3":5,"4":5,"5":5,"6":5,"7":7,"8":7,"9":24,"10":24,"11":3,"12":11,"13":2,"14":9,"15":1,"16":8,"17":3,"18":2,"19":1,"20":5,"21":3,"22":3,"23":3,"24":1,"25":1,"26":1,"27":2,"28":1,"29":1,"30":1,"31":0,"32":0,"33":0,"34":0},"f":{"0":7,"1":24,"2":3,"3":11,"4":3,"5":0},"b":{"0":[0],"1":[6],"2":[22],"3":[1,23],"4":[2],"5":[1],"6":[2],"7":[3,2],"8":[0],"9":[0],"10":[1],"11":[3,2],"12":[1],"13":[0]}}
,"C:\\Users\\kylee\\asora\\functions\\shared\\validation-utils.ts": {"path":"C:\\Users\\kylee\\asora\\functions\\shared\\validation-utils.ts","statementMap":{"0":{"start":{"line":16,"column":0},"end":{"line":16,"column":16}},"1":{"start":{"line":48,"column":0},"end":{"line":48,"column":16}},"2":{"start":{"line":91,"column":0},"end":{"line":91,"column":16}},"3":{"start":{"line":107,"column":0},"end":{"line":107,"column":16}},"4":{"start":{"line":123,"column":0},"end":{"line":123,"column":16}},"5":{"start":{"line":165,"column":0},"end":{"line":165,"column":16}},"6":{"start":{"line":188,"column":0},"end":{"line":188,"column":16}},"7":{"start":{"line":209,"column":0},"end":{"line":209,"column":16}},"8":{"start":{"line":225,"column":0},"end":{"line":225,"column":16}},"9":{"start":{"line":244,"column":0},"end":{"line":244,"column":16}},"10":{"start":{"line":279,"column":0},"end":{"line":279,"column":16}},"11":{"start":{"line":21,"column":2},"end":{"line":26,"column":3}},"12":{"start":{"line":22,"column":4},"end":{"line":25,"column":6}},"13":{"start":{"line":28,"column":2},"end":{"line":33,"column":3}},"14":{"start":{"line":29,"column":4},"end":{"line":32,"column":6}},"15":{"start":{"line":35,"column":2},"end":{"line":40,"column":3}},"16":{"start":{"line":36,"column":4},"end":{"line":39,"column":6}},"17":{"start":{"line":42,"column":2},"end":{"line":42,"column":25}},"18":{"start":{"line":54,"column":2},"end":{"line":59,"column":3}},"19":{"start":{"line":55,"column":4},"end":{"line":58,"column":6}},"20":{"start":{"line":61,"column":22},"end":{"line":61,"column":33}},"21":{"start":{"line":63,"column":2},"end":{"line":68,"column":3}},"22":{"start":{"line":64,"column":4},"end":{"line":67,"column":6}},"23":{"start":{"line":70,"column":2},"end":{"line":75,"column":3}},"24":{"start":{"line":71,"column":4},"end":{"line":74,"column":6}},"25":{"start":{"line":78,"column":2},"end":{"line":83,"column":3}},"26":{"start":{"line":79,"column":4},"end":{"line":82,"column":6}},"27":{"start":{"line":85,"column":2},"end":{"line":85,"column":25}},"28":{"start":{"line":92,"column":20},"end":{"line":92,"column":96}},"29":{"start":{"line":94,"column":2},"end":{"line":99,"column":3}},"30":{"start":{"line":95,"column":4},"end":{"line":98,"column":6}},"31":{"start":{"line":101,"column":2},"end":{"line":101,"column":25}},"32":{"start":{"line":108,"column":21},"end":{"line":108,"column":49}},"33":{"start":{"line":110,"column":2},"end":{"line":115,"column":3}},"34":{"start":{"line":111,"column":4},"end":{"line":114,"column":6}},"35":{"start":{"line":117,"column":2},"end":{"line":117,"column":25}},"36":{"start":{"line":129,"column":2},"end":{"line":134,"column":3}},"37":{"start":{"line":130,"column":4},"end":{"line":133,"column":6}},"38":{"start":{"line":136,"column":2},"end":{"line":141,"column":3}},"39":{"start":{"line":137,"column":4},"end":{"line":140,"column":6}},"40":{"start":{"line":143,"column":2},"end":{"line":157,"column":3}},"41":{"start":{"line":143,"column":15},"end":{"line":143,"column":16}},"42":{"start":{"line":144,"column":4},"end":{"line":149,"column":5}},"43":{"start":{"line":145,"column":6},"end":{"line":148,"column":8}},"44":{"start":{"line":151,"column":4},"end":{"line":156,"column":5}},"45":{"start":{"line":152,"column":6},"end":{"line":155,"column":8}},"46":{"start":{"line":159,"column":2},"end":{"line":159,"column":25}},"47":{"start":{"line":168,"column":17},"end":{"line":168,"column":59}},"48":{"start":{"line":170,"column":2},"end":{"line":172,"column":3}},"49":{"start":{"line":171,"column":4},"end":{"line":171,"column":18}},"50":{"start":{"line":175,"column":2},"end":{"line":180,"column":3}},"51":{"start":{"line":176,"column":4},"end":{"line":179,"column":6}},"52":{"start":{"line":182,"column":2},"end":{"line":182,"column":25}},"53":{"start":{"line":189,"column":2},"end":{"line":194,"column":3}},"54":{"start":{"line":190,"column":4},"end":{"line":193,"column":6}},"55":{"start":{"line":196,"column":2},"end":{"line":201,"column":3}},"56":{"start":{"line":197,"column":4},"end":{"line":200,"column":6}},"57":{"start":{"line":203,"column":2},"end":{"line":203,"column":25}},"58":{"start":{"line":210,"column":21},"end":{"line":210,"column":80}},"59":{"start":{"line":212,"column":2},"end":{"line":217,"column":3}},"60":{"start":{"line":213,"column":4},"end":{"line":216,"column":6}},"61":{"start":{"line":219,"column":2},"end":{"line":219,"column":25}},"62":{"start":{"line":226,"column":26},"end":{"line":229,"column":4}},"63":{"start":{"line":231,"column":2},"end":{"line":236,"column":3}},"64":{"start":{"line":232,"column":4},"end":{"line":235,"column":6}},"65":{"start":{"line":238,"column":2},"end":{"line":238,"column":25}},"66":{"start":{"line":245,"column":2},"end":{"line":249,"column":24}},"67":{"start":{"line":256,"column":29},"end":{"line":271,"column":4}},"68":{"start":{"line":273,"column":2},"end":{"line":273,"column":64}},"69":{"start":{"line":273,"column":44},"end":{"line":273,"column":62}},"70":{"start":{"line":283,"column":21},"end":{"line":283,"column":41}},"71":{"start":{"line":284,"column":20},"end":{"line":284,"column":57}},"72":{"start":{"line":286,"column":2},"end":{"line":291,"column":3}},"73":{"start":{"line":287,"column":4},"end":{"line":290,"column":6}},"74":{"start":{"line":293,"column":2},"end":{"line":293,"column":25}}},"fnMap":{"0":{"name":"validatePagination","decl":{"start":{"line":16,"column":16},"end":{"line":16,"column":34}},"loc":{"start":{"line":19,"column":26},"end":{"line":43,"column":1}}},"1":{"name":"validateText","decl":{"start":{"line":48,"column":16},"end":{"line":48,"column":28}},"loc":{"start":{"line":52,"column":28},"end":{"line":86,"column":1}}},"2":{"name":"validateUUID","decl":{"start":{"line":91,"column":16},"end":{"line":91,"column":28}},"loc":{"start":{"line":91,"column":65},"end":{"line":102,"column":1}}},"3":{"name":"validateEmail","decl":{"start":{"line":107,"column":16},"end":{"line":107,"column":29}},"loc":{"start":{"line":107,"column":43},"end":{"line":118,"column":1}}},"4":{"name":"validateStringArray","decl":{"start":{"line":123,"column":16},"end":{"line":123,"column":35}},"loc":{"start":{"line":127,"column":29},"end":{"line":160,"column":1}}},"5":{"name":"validateLocation","decl":{"start":{"line":165,"column":16},"end":{"line":165,"column":32}},"loc":{"start":{"line":165,"column":49},"end":{"line":183,"column":1}}},"6":{"name":"validateRadius","decl":{"start":{"line":188,"column":16},"end":{"line":188,"column":30}},"loc":{"start":{"line":188,"column":45},"end":{"line":204,"column":1}}},"7":{"name":"validateFeedType","decl":{"start":{"line":209,"column":16},"end":{"line":209,"column":32}},"loc":{"start":{"line":209,"column":45},"end":{"line":220,"column":1}}},"8":{"name":"validateCategory","decl":{"start":{"line":225,"column":16},"end":{"line":225,"column":32}},"loc":{"start":{"line":225,"column":49},"end":{"line":239,"column":1}}},"9":{"name":"sanitizeText","decl":{"start":{"line":244,"column":16},"end":{"line":244,"column":28}},"loc":{"start":{"line":244,"column":41},"end":{"line":250,"column":1}}},"10":{"name":"containsSuspiciousPatterns","decl":{"start":{"line":255,"column":9},"end":{"line":255,"column":35}},"loc":{"start":{"line":255,"column":48},"end":{"line":274,"column":1}}},"11":{"name":"(anonymous_11)","decl":{"start":{"line":273,"column":33},"end":{"line":273,"column":40}},"loc":{"start":{"line":273,"column":44},"end":{"line":273,"column":62}}}},"branchMap":{"0":{"loc":{"start":{"line":19,"column":2},"end":{"line":19,"column":26}},"type":"default-arg","locations":[{"start":{"line":19,"column":24},"end":{"line":19,"column":26}}]},"1":{"loc":{"start":{"line":21,"column":2},"end":{"line":26,"column":3}},"type":"if","locations":[{"start":{"line":21,"column":2},"end":{"line":26,"column":3}}]},"2":{"loc":{"start":{"line":21,"column":6},"end":{"line":21,"column":41}},"type":"binary-expr","locations":[{"start":{"line":21,"column":6},"end":{"line":21,"column":29}},{"start":{"line":21,"column":33},"end":{"line":21,"column":41}}]},"3":{"loc":{"start":{"line":28,"column":2},"end":{"line":33,"column":3}},"type":"if","locations":[{"start":{"line":28,"column":2},"end":{"line":33,"column":3}}]},"4":{"loc":{"start":{"line":28,"column":6},"end":{"line":28,"column":49}},"type":"binary-expr","locations":[{"start":{"line":28,"column":6},"end":{"line":28,"column":33}},{"start":{"line":28,"column":37},"end":{"line":28,"column":49}}]},"5":{"loc":{"start":{"line":35,"column":2},"end":{"line":40,"column":3}},"type":"if","locations":[{"start":{"line":35,"column":2},"end":{"line":40,"column":3}}]},"6":{"loc":{"start":{"line":50,"column":2},"end":{"line":50,"column":23}},"type":"default-arg","locations":[{"start":{"line":50,"column":22},"end":{"line":50,"column":23}}]},"7":{"loc":{"start":{"line":51,"column":2},"end":{"line":51,"column":26}},"type":"default-arg","locations":[{"start":{"line":51,"column":22},"end":{"line":51,"column":26}}]},"8":{"loc":{"start":{"line":52,"column":2},"end":{"line":52,"column":28}},"type":"default-arg","locations":[{"start":{"line":52,"column":22},"end":{"line":52,"column":28}}]},"9":{"loc":{"start":{"line":54,"column":2},"end":{"line":59,"column":3}},"type":"if","locations":[{"start":{"line":54,"column":2},"end":{"line":59,"column":3}}]},"10":{"loc":{"start":{"line":63,"column":2},"end":{"line":68,"column":3}},"type":"if","locations":[{"start":{"line":63,"column":2},"end":{"line":68,"column":3}}]},"11":{"loc":{"start":{"line":70,"column":2},"end":{"line":75,"column":3}},"type":"if","locations":[{"start":{"line":70,"column":2},"end":{"line":75,"column":3}}]},"12":{"loc":{"start":{"line":78,"column":2},"end":{"line":83,"column":3}},"type":"if","locations":[{"start":{"line":78,"column":2},"end":{"line":83,"column":3}}]},"13":{"loc":{"start":{"line":91,"column":41},"end":{"line":91,"column":65}},"type":"default-arg","locations":[{"start":{"line":91,"column":61},"end":{"line":91,"column":65}}]},"14":{"loc":{"start":{"line":94,"column":2},"end":{"line":99,"column":3}},"type":"if","locations":[{"start":{"line":94,"column":2},"end":{"line":99,"column":3}}]},"15":{"loc":{"start":{"line":110,"column":2},"end":{"line":115,"column":3}},"type":"if","locations":[{"start":{"line":110,"column":2},"end":{"line":115,"column":3}}]},"16":{"loc":{"start":{"line":125,"column":2},"end":{"line":125,"column":23}},"type":"default-arg","locations":[{"start":{"line":125,"column":21},"end":{"line":125,"column":23}}]},"17":{"loc":{"start":{"line":126,"column":2},"end":{"line":126,"column":28}},"type":"default-arg","locations":[{"start":{"line":126,"column":26},"end":{"line":126,"column":28}}]},"18":{"loc":{"start":{"line":127,"column":2},"end":{"line":127,"column":29}},"type":"default-arg","locations":[{"start":{"line":127,"column":22},"end":{"line":127,"column":29}}]},"19":{"loc":{"start":{"line":129,"column":2},"end":{"line":134,"column":3}},"type":"if","locations":[{"start":{"line":129,"column":2},"end":{"line":134,"column":3}}]},"20":{"loc":{"start":{"line":136,"column":2},"end":{"line":141,"column":3}},"type":"if","locations":[{"start":{"line":136,"column":2},"end":{"line":141,"column":3}}]},"21":{"loc":{"start":{"line":144,"column":4},"end":{"line":149,"column":5}},"type":"if","locations":[{"start":{"line":144,"column":4},"end":{"line":149,"column":5}}]},"22":{"loc":{"start":{"line":151,"column":4},"end":{"line":156,"column":5}},"type":"if","locations":[{"start":{"line":151,"column":4},"end":{"line":156,"column":5}}]},"23":{"loc":{"start":{"line":170,"column":2},"end":{"line":172,"column":3}},"type":"if","locations":[{"start":{"line":170,"column":2},"end":{"line":172,"column":3}}]},"24":{"loc":{"start":{"line":175,"column":2},"end":{"line":180,"column":3}},"type":"if","locations":[{"start":{"line":175,"column":2},"end":{"line":180,"column":3}}]},"25":{"loc":{"start":{"line":189,"column":2},"end":{"line":194,"column":3}},"type":"if","locations":[{"start":{"line":189,"column":2},"end":{"line":194,"column":3}}]},"26":{"loc":{"start":{"line":189,"column":6},"end":{"line":189,"column":44}},"type":"binary-expr","locations":[{"start":{"line":189,"column":6},"end":{"line":189,"column":30}},{"start":{"line":189,"column":34},"end":{"line":189,"column":44}}]},"27":{"loc":{"start":{"line":196,"column":2},"end":{"line":201,"column":3}},"type":"if","locations":[{"start":{"line":196,"column":2},"end":{"line":201,"column":3}}]},"28":{"loc":{"start":{"line":212,"column":2},"end":{"line":217,"column":3}},"type":"if","locations":[{"start":{"line":212,"column":2},"end":{"line":217,"column":3}}]},"29":{"loc":{"start":{"line":231,"column":2},"end":{"line":236,"column":3}},"type":"if","locations":[{"start":{"line":231,"column":2},"end":{"line":236,"column":3}}]},"30":{"loc":{"start":{"line":281,"column":2},"end":{"line":281,"column":36}},"type":"default-arg","locations":[{"start":{"line":281,"column":25},"end":{"line":281,"column":36}}]},"31":{"loc":{"start":{"line":286,"column":2},"end":{"line":291,"column":3}},"type":"if","locations":[{"start":{"line":286,"column":2},"end":{"line":291,"column":3}}]}},"s":{"0":3,"1":3,"2":3,"3":3,"4":3,"5":3,"6":3,"7":3,"8":3,"9":3,"10":3,"11":4,"12":1,"13":3,"14":1,"15":2,"16":1,"17":1,"18":26,"19":1,"20":25,"21":25,"22":1,"23":24,"24":2,"25":22,"26":1,"27":21,"28":2,"29":2,"30":1,"31":1,"32":2,"33":2,"34":1,"35":1,"36":4,"37":1,"38":3,"39":1,"40":2,"41":2,"42":3,"43":0,"44":3,"45":1,"46":1,"47":2,"48":2,"49":0,"50":2,"51":1,"52":1,"53":2,"54":1,"55":1,"56":0,"57":1,"58":2,"59":2,"60":1,"61":1,"62":2,"63":2,"64":1,"65":1,"66":2,"67":22,"68":22,"69":295,"70":23,"71":23,"72":23,"73":2,"74":21},"f":{"0":4,"1":26,"2":2,"3":2,"4":4,"5":2,"6":2,"7":2,"8":2,"9":2,"10":22,"11":295},"b":{"0":[3],"1":[1],"2":[4,4],"3":[1],"4":[3,3],"5":[1],"6":[4],"7":[5],"8":[24],"9":[1],"10":[1],"11":[2],"12":[1],"13":[2],"14":[1],"15":[1],"16":[4],"17":[4],"18":[4],"19":[1],"20":[1],"21":[0],"22":[1],"23":[0],"24":[1],"25":[1],"26":[2,2],"27":[0],"28":[1],"29":[1],"30":[21],"31":[2]}}
,"C:\\Users\\kylee\\asora\\functions\\src\\feed\\get.ts": {"path":"C:\\Users\\kylee\\asora\\functions\\src\\feed\\get.ts","statementMap":{"0":{"start":{"line":13,"column":0},"end":{"line":13,"column":7}},"1":{"start":{"line":14,"column":4},"end":{"line":62,"column":5}},"2":{"start":{"line":15,"column":8},"end":{"line":15,"column":48}},"3":{"start":{"line":19,"column":29},"end":{"line":32,"column":10}},"4":{"start":{"line":36,"column":24},"end":{"line":36,"column":70}},"5":{"start":{"line":37,"column":29},"end":{"line":37,"column":81}},"6":{"start":{"line":39,"column":8},"end":{"line":47,"column":10}},"7":{"start":{"line":49,"column":8},"end":{"line":49,"column":59}},"8":{"start":{"line":51,"column":8},"end":{"line":61,"column":10}}},"fnMap":{"0":{"name":"getFeed","decl":{"start":{"line":13,"column":22},"end":{"line":13,"column":29}},"loc":{"start":{"line":13,"column":78},"end":{"line":63,"column":1}}}},"branchMap":{"0":{"loc":{"start":{"line":36,"column":24},"end":{"line":36,"column":70}},"type":"binary-expr","locations":[{"start":{"line":36,"column":24},"end":{"line":36,"column":61}},{"start":{"line":36,"column":65},"end":{"line":36,"column":70}}]},"1":{"loc":{"start":{"line":37,"column":29},"end":{"line":37,"column":81}},"type":"cond-expr","locations":[{"start":{"line":37,"column":39},"end":{"line":37,"column":58}},{"start":{"line":37,"column":61},"end":{"line":37,"column":81}}]}},"s":{"0":1,"1":3,"2":3,"3":2,"4":2,"5":2,"6":2,"7":1,"8":1},"f":{"0":3},"b":{"0":[2,2],"1":[0,2]}}
,"C:\\Users\\kylee\\asora\\functions\\users\\profile.ts": {"path":"C:\\Users\\kylee\\asora\\functions\\users\\profile.ts","statementMap":{"0":{"start":{"line":23,"column":0},"end":{"line":23,"column":7}},"1":{"start":{"line":1,"column":0},"end":{"line":1,"column":89}},"2":{"start":{"line":2,"column":0},"end":{"line":2,"column":45}},"3":{"start":{"line":3,"column":0},"end":{"line":3,"column":64}},"4":{"start":{"line":4,"column":0},"end":{"line":4,"column":57}},"5":{"start":{"line":5,"column":0},"end":{"line":5,"column":103}},"6":{"start":{"line":6,"column":0},"end":{"line":6,"column":64}},"7":{"start":{"line":7,"column":0},"end":{"line":7,"column":56}},"8":{"start":{"line":9,"column":15},"end":{"line":9,"column":46}},"9":{"start":{"line":13,"column":40},"end":{"line":14,"column":62}},"10":{"start":{"line":14,"column":2},"end":{"line":14,"column":62}},"11":{"start":{"line":13,"column":13},"end":{"line":13,"column":40}},"12":{"start":{"line":28,"column":15},"end":{"line":28,"column":74}},"13":{"start":{"line":29,"column":2},"end":{"line":29,"column":47}},"14":{"start":{"line":29,"column":25},"end":{"line":29,"column":47}},"15":{"start":{"line":31,"column":2},"end":{"line":97,"column":3}},"16":{"start":{"line":32,"column":17},"end":{"line":32,"column":42}},"17":{"start":{"line":33,"column":17},"end":{"line":33,"column":51}},"18":{"start":{"line":35,"column":17},"end":{"line":35,"column":74}},"19":{"start":{"line":36,"column":21},"end":{"line":36,"column":62}},"20":{"start":{"line":38,"column":25},"end":{"line":38,"column":29}},"21":{"start":{"line":39,"column":21},"end":{"line":39,"column":87}},"22":{"start":{"line":40,"column":18},"end":{"line":40,"column":45}},"23":{"start":{"line":41,"column":18},"end":{"line":41,"column":53}},"24":{"start":{"line":44,"column":23},"end":{"line":49,"column":6}},"25":{"start":{"line":52,"column":4},"end":{"line":59,"column":7}},"26":{"start":{"line":61,"column":4},"end":{"line":65,"column":5}},"27":{"start":{"line":62,"column":6},"end":{"line":64,"column":9}},"28":{"start":{"line":68,"column":30},"end":{"line":68,"column":73}},"29":{"start":{"line":69,"column":20},"end":{"line":75,"column":6}},"30":{"start":{"line":78,"column":4},"end":{"line":82,"column":7}},"31":{"start":{"line":84,"column":16},"end":{"line":88,"column":6}},"32":{"start":{"line":89,"column":4},"end":{"line":89,"column":86}},"33":{"start":{"line":92,"column":4},"end":{"line":94,"column":5}},"34":{"start":{"line":93,"column":6},"end":{"line":93,"column":58}},"35":{"start":{"line":95,"column":4},"end":{"line":95,"column":66}},"36":{"start":{"line":96,"column":4},"end":{"line":96,"column":64}},"37":{"start":{"line":100,"column":0},"end":{"line":107,"column":1}},"38":{"start":{"line":101,"column":2},"end":{"line":106,"column":5}},"39":{"start":{"line":109,"column":0},"end":{"line":109,"column":29}}},"fnMap":{"0":{"name":"(anonymous_0)","decl":{"start":{"line":13,"column":40},"end":{"line":13,"column":43}},"loc":{"start":{"line":14,"column":2},"end":{"line":14,"column":62}}},"1":{"name":"upsertProfile","decl":{"start":{"line":23,"column":22},"end":{"line":23,"column":35}},"loc":{"start":{"line":26,"column":31},"end":{"line":98,"column":1}}}},"branchMap":{"0":{"loc":{"start":{"line":14,"column":19},"end":{"line":14,"column":61}},"type":"binary-expr","locations":[{"start":{"line":14,"column":19},"end":{"line":14,"column":55}},{"start":{"line":14,"column":59},"end":{"line":14,"column":61}}]},"1":{"loc":{"start":{"line":26,"column":2},"end":{"line":26,"column":31}},"type":"default-arg","locations":[{"start":{"line":26,"column":22},"end":{"line":26,"column":31}}]},"2":{"loc":{"start":{"line":29,"column":2},"end":{"line":29,"column":47}},"type":"if","locations":[{"start":{"line":29,"column":2},"end":{"line":29,"column":47}}]},"3":{"loc":{"start":{"line":39,"column":43},"end":{"line":39,"column":86}},"type":"binary-expr","locations":[{"start":{"line":39,"column":43},"end":{"line":39,"column":75}},{"start":{"line":39,"column":79},"end":{"line":39,"column":86}}]},"4":{"loc":{"start":{"line":61,"column":4},"end":{"line":65,"column":5}},"type":"if","locations":[{"start":{"line":61,"column":4},"end":{"line":65,"column":5}}]},"5":{"loc":{"start":{"line":70,"column":10},"end":{"line":70,"column":28}},"type":"binary-expr","locations":[{"start":{"line":70,"column":10},"end":{"line":70,"column":22}},{"start":{"line":70,"column":26},"end":{"line":70,"column":28}}]},"6":{"loc":{"start":{"line":71,"column":19},"end":{"line":71,"column":64}},"type":"binary-expr","locations":[{"start":{"line":71,"column":19},"end":{"line":71,"column":35}},{"start":{"line":71,"column":39},"end":{"line":71,"column":64}}]},"7":{"loc":{"start":{"line":72,"column":11},"end":{"line":72,"column":40}},"type":"binary-expr","locations":[{"start":{"line":72,"column":11},"end":{"line":72,"column":19}},{"start":{"line":72,"column":23},"end":{"line":72,"column":40}}]},"8":{"loc":{"start":{"line":73,"column":16},"end":{"line":73,"column":55}},"type":"binary-expr","locations":[{"start":{"line":73,"column":16},"end":{"line":73,"column":29}},{"start":{"line":73,"column":33},"end":{"line":73,"column":55}}]},"9":{"loc":{"start":{"line":74,"column":15},"end":{"line":74,"column":52}},"type":"binary-expr","locations":[{"start":{"line":74,"column":15},"end":{"line":74,"column":27}},{"start":{"line":74,"column":31},"end":{"line":74,"column":52}}]},"10":{"loc":{"start":{"line":79,"column":12},"end":{"line":79,"column":44}},"type":"cond-expr","locations":[{"start":{"line":79,"column":27},"end":{"line":79,"column":36}},{"start":{"line":79,"column":39},"end":{"line":79,"column":44}}]},"11":{"loc":{"start":{"line":81,"column":50},"end":{"line":81,"column":110}},"type":"cond-expr","locations":[{"start":{"line":81,"column":83},"end":{"line":81,"column":97}},{"start":{"line":81,"column":100},"end":{"line":81,"column":110}}]},"12":{"loc":{"start":{"line":86,"column":14},"end":{"line":86,"column":74}},"type":"cond-expr","locations":[{"start":{"line":86,"column":47},"end":{"line":86,"column":61}},{"start":{"line":86,"column":64},"end":{"line":86,"column":74}}]},"13":{"loc":{"start":{"line":92,"column":4},"end":{"line":94,"column":5}},"type":"if","locations":[{"start":{"line":92,"column":4},"end":{"line":94,"column":5}}]},"14":{"loc":{"start":{"line":100,"column":0},"end":{"line":107,"column":1}},"type":"if","locations":[{"start":{"line":100,"column":0},"end":{"line":107,"column":1}}]}},"s":{"0":2,"1":2,"2":2,"3":2,"4":2,"5":2,"6":2,"7":2,"8":2,"9":2,"10":2,"11":2,"12":8,"13":8,"14":1,"15":7,"16":7,"17":6,"18":6,"19":6,"20":6,"21":6,"22":6,"23":6,"24":6,"25":6,"26":5,"27":2,"28":3,"29":3,"30":3,"31":3,"32":3,"33":2,"34":1,"35":1,"36":1,"37":2,"38":0,"39":2},"f":{"0":2,"1":8},"b":{"0":[2,2],"1":[4],"2":[1],"3":[6,6],"4":[2],"5":[3,1],"6":[3,0],"7":[3,2],"8":[3,3],"9":[3,3],"10":[2,1],"11":[1,2],"12":[1,2],"13":[1],"14":[0]}}
}
