TN:
SF:auth\token.ts
FN:69,(anonymous_6)
FN:72,(anonymous_7)
FN:180,handleAuthorizationCodeGrant
FN:229,(anonymous_9)
FN:317,handleRefreshTokenGrant
FNF:5
FNH:5
FNDA:2,(anonymous_6)
FNDA:22,(anonymous_7)
FNDA:11,handleAuthorizationCodeGrant
FNDA:15,(anonymous_9)
FNDA:6,handleRefreshTokenGrant
DA:9,2
DA:10,2
DA:11,2
DA:12,2
DA:13,2
DA:14,2
DA:15,2
DA:17,2
DA:20,2
DA:21,2
DA:22,2
DA:23,2
DA:26,2
DA:27,2
DA:28,2
DA:29,2
DA:68,2
DA:69,2
DA:72,2
DA:76,22
DA:78,22
DA:80,22
DA:81,1
DA:84,21
DA:91,21
DA:92,21
DA:94,21
DA:95,1
DA:99,20
DA:100,1
DA:103,19
DA:104,19
DA:105,1
DA:111,18
DA:113,11
DA:114,2
DA:116,6
DA:117,1
DA:119,1
DA:122,3
DA:124,3
DA:131,3
DA:137,14
DA:138,14
DA:139,14
DA:141,14
DA:143,2
DA:157,12
DA:164,12
DA:172,12
DA:185,11
DA:186,1
DA:189,10
DA:196,10
DA:204,10
DA:209,10
DA:210,1
DA:213,9
DA:216,9
DA:217,1
DA:221,8
DA:222,1
DA:226,7
DA:227,7
DA:228,7
DA:229,15
DA:230,7
DA:231,7
DA:232,7
DA:233,1
DA:237,6
DA:245,6
DA:246,1
DA:249,5
DA:250,5
DA:251,1
DA:254,4
DA:256,4
DA:257,2
DA:261,2
DA:268,2
DA:279,2
DA:284,2
DA:293,2
DA:301,2
DA:321,6
DA:322,1
DA:325,5
DA:330,5
DA:332,5
DA:334,4
DA:335,1
DA:339,3
DA:340,3
DA:341,1
DA:344,2
DA:346,2
DA:347,1
DA:351,1
DA:361,1
DA:366,1
DA:374,1
DA:382,4
DA:387,2
DA:388,0
DA:396,2
LF:106
LH:105
BRDA:20,0,0,2
BRDA:20,0,1,2
BRDA:21,1,0,2
BRDA:21,1,1,2
BRDA:26,2,0,2
BRDA:26,2,1,2
BRDA:27,3,0,2
BRDA:27,3,1,2
BRDA:69,4,0,0
BRDA:80,5,0,1
BRDA:94,6,0,1
BRDA:95,7,0,1
BRDA:95,7,1,0
BRDA:99,8,0,1
BRDA:99,9,0,20
BRDA:99,9,1,19
BRDA:104,10,0,1
BRDA:111,11,0,11
BRDA:111,11,1,6
BRDA:111,11,2,1
BRDA:138,12,0,14
BRDA:138,12,1,0
BRDA:139,13,0,14
BRDA:139,13,1,0
BRDA:141,14,0,2
BRDA:175,15,0,0
BRDA:175,15,1,12
BRDA:185,16,0,1
BRDA:185,17,0,11
BRDA:185,17,1,10
BRDA:185,17,2,10
BRDA:209,18,0,1
BRDA:216,19,0,1
BRDA:221,20,0,1
BRDA:230,21,0,7
BRDA:230,21,1,0
BRDA:231,22,0,7
BRDA:231,22,1,1
BRDA:232,23,0,1
BRDA:245,24,0,1
BRDA:250,25,0,1
BRDA:256,26,0,2
BRDA:321,27,0,1
BRDA:334,28,0,1
BRDA:340,29,0,1
BRDA:346,30,0,1
BRDA:387,31,0,0
BRF:47
BRH:40
end_of_record
TN:
SF:health\healthCheck.ts
FN:7,healthCheck
FNF:1
FNH:1
FNDA:4,healthCheck
DA:7,1
DA:11,4
DA:14,4
DA:22,4
LF:4
LH:4
BRF:0
BRH:0
end_of_record
TN:
SF:shared\azure-logger.ts
FN:24,(anonymous_0)
FN:26,(anonymous_1)
FN:30,(anonymous_2)
FN:34,(anonymous_3)
FN:38,(anonymous_4)
FN:44,(anonymous_5)
FN:62,(anonymous_6)
FN:83,getAzureLogger
FN:88,logHttpRequest
FN:106,logDatabaseOperation
FN:124,logAuthAttempt
FN:143,logBusinessEvent
FN:157,logPerformanceMetric
FN:176,logError
FN:191,generateCorrelationId
FN:195,extractCorrelationId
FNF:16
FNH:13
FNDA:10,(anonymous_0)
FNDA:47,(anonymous_1)
FNDA:14,(anonymous_2)
FNDA:14,(anonymous_3)
FNDA:3,(anonymous_4)
FNDA:77,(anonymous_5)
FNDA:3,(anonymous_6)
FNDA:10,getAzureLogger
FNDA:1,logHttpRequest
FNDA:1,logDatabaseOperation
FNDA:16,logAuthAttempt
FNDA:0,logBusinessEvent
FNDA:1,logPerformanceMetric
FNDA:0,logError
FNDA:0,generateCorrelationId
FNDA:2,extractCorrelationId
DA:24,10
DA:27,47
DA:31,14
DA:35,14
DA:39,3
DA:40,2
DA:45,77
DA:54,77
DA:57,77
DA:58,3
DA:65,3
DA:68,3
DA:70,1
DA:71,2
DA:72,2
DA:76,1
DA:77,1
DA:83,5
DA:84,10
DA:88,5
DA:96,1
DA:106,5
DA:114,1
DA:124,5
DA:131,16
DA:132,16
DA:134,16
DA:143,5
DA:149,0
DA:157,5
DA:165,1
DA:176,5
DA:181,0
DA:191,5
DA:192,0
DA:195,5
DA:196,2
LF:37
LH:34
BRDA:39,0,0,2
BRDA:39,1,0,3
BRDA:39,1,1,2
BRDA:57,2,0,3
BRDA:57,3,0,77
BRDA:57,3,1,77
BRDA:68,4,0,1
BRDA:68,4,1,2
BRDA:71,5,0,2
BRDA:76,6,0,1
BRDA:76,6,1,0
BRDA:131,7,0,4
BRDA:131,7,1,12
BRDA:132,8,0,4
BRDA:132,8,1,12
BRDA:161,9,0,0
BRDA:196,10,0,2
BRDA:196,10,1,1
BRF:18
BRH:16
end_of_record
TN:
SF:shared\http-utils.ts
FN:26,createSuccessResponse
FN:57,createErrorResponse
FN:90,createCorsResponse
FN:107,handleCorsAndMethod
FN:133,extractAuthToken
FN:185,cleanupRateLimitStore
FNF:6
FNH:5
FNDA:7,createSuccessResponse
FNDA:24,createErrorResponse
FNDA:3,createCorsResponse
FNDA:11,handleCorsAndMethod
FNDA:3,extractAuthToken
FNDA:0,cleanupRateLimitStore
DA:26,5
DA:31,7
DA:37,7
DA:57,5
DA:63,24
DA:70,24
DA:90,5
DA:91,3
DA:107,5
DA:112,11
DA:113,2
DA:120,9
DA:121,1
DA:127,8
DA:133,5
DA:134,3
DA:135,2
DA:138,1
DA:145,5
DA:147,5
DA:152,3
DA:153,3
DA:155,3
DA:157,1
DA:158,1
DA:159,1
DA:166,2
DA:167,1
DA:174,1
DA:175,1
DA:185,5
DA:186,0
DA:187,0
DA:188,0
DA:189,0
LF:35
LH:31
BRDA:28,0,0,0
BRDA:29,1,0,6
BRDA:61,2,0,22
BRDA:66,3,0,1
BRDA:66,3,1,23
BRDA:112,4,0,2
BRDA:120,5,0,1
BRDA:134,6,0,2
BRDA:134,7,0,3
BRDA:134,7,1,2
BRDA:149,8,0,0
BRDA:150,9,0,0
BRDA:155,10,0,1
BRDA:155,11,0,3
BRDA:155,11,1,2
BRDA:166,12,0,1
BRDA:188,13,0,0
BRF:17
BRH:13
end_of_record
TN:
SF:shared\validation-utils.ts
FN:16,validatePagination
FN:48,validateText
FN:91,validateUUID
FN:107,validateEmail
FN:123,validateStringArray
FN:165,validateLocation
FN:188,validateRadius
FN:209,validateFeedType
FN:225,validateCategory
FN:244,sanitizeText
FN:255,containsSuspiciousPatterns
FN:273,(anonymous_11)
FNF:12
FNH:12
FNDA:4,validatePagination
FNDA:26,validateText
FNDA:2,validateUUID
FNDA:2,validateEmail
FNDA:4,validateStringArray
FNDA:2,validateLocation
FNDA:2,validateRadius
FNDA:2,validateFeedType
FNDA:2,validateCategory
FNDA:2,sanitizeText
FNDA:22,containsSuspiciousPatterns
FNDA:295,(anonymous_11)
DA:16,3
DA:21,4
DA:22,1
DA:28,3
DA:29,1
DA:35,2
DA:36,1
DA:42,1
DA:48,3
DA:54,26
DA:55,1
DA:61,25
DA:63,25
DA:64,1
DA:70,24
DA:71,2
DA:78,22
DA:79,1
DA:85,21
DA:91,3
DA:92,2
DA:94,2
DA:95,1
DA:101,1
DA:107,3
DA:108,2
DA:110,2
DA:111,1
DA:117,1
DA:123,3
DA:129,4
DA:130,1
DA:136,3
DA:137,1
DA:143,2
DA:144,3
DA:145,0
DA:151,3
DA:152,1
DA:159,1
DA:165,3
DA:168,2
DA:170,2
DA:171,0
DA:175,2
DA:176,1
DA:182,1
DA:188,3
DA:189,2
DA:190,1
DA:196,1
DA:197,0
DA:203,1
DA:209,3
DA:210,2
DA:212,2
DA:213,1
DA:219,1
DA:225,3
DA:226,2
DA:231,2
DA:232,1
DA:238,1
DA:244,3
DA:245,2
DA:256,22
DA:273,295
DA:279,3
DA:283,23
DA:284,23
DA:286,23
DA:287,2
DA:293,21
LF:73
LH:70
BRDA:19,0,0,3
BRDA:21,1,0,1
BRDA:21,2,0,4
BRDA:21,2,1,4
BRDA:28,3,0,1
BRDA:28,4,0,3
BRDA:28,4,1,3
BRDA:35,5,0,1
BRDA:50,6,0,4
BRDA:51,7,0,5
BRDA:52,8,0,24
BRDA:54,9,0,1
BRDA:63,10,0,1
BRDA:70,11,0,2
BRDA:78,12,0,1
BRDA:91,13,0,2
BRDA:94,14,0,1
BRDA:110,15,0,1
BRDA:125,16,0,4
BRDA:126,17,0,4
BRDA:127,18,0,4
BRDA:129,19,0,1
BRDA:136,20,0,1
BRDA:144,21,0,0
BRDA:151,22,0,1
BRDA:170,23,0,0
BRDA:175,24,0,1
BRDA:189,25,0,1
BRDA:189,26,0,2
BRDA:189,26,1,2
BRDA:196,27,0,0
BRDA:212,28,0,1
BRDA:231,29,0,1
BRDA:281,30,0,21
BRDA:286,31,0,2
BRF:35
BRH:32
end_of_record
TN:
SF:src\feed\get.ts
FN:13,getFeed
FNF:1
FNH:1
FNDA:3,getFeed
DA:13,1
DA:14,3
DA:15,3
DA:19,2
DA:36,2
DA:37,2
DA:39,2
DA:49,1
DA:51,1
LF:9
LH:9
BRDA:36,0,0,2
BRDA:36,0,1,2
BRDA:37,1,0,0
BRDA:37,1,1,2
BRF:4
BRH:3
end_of_record
TN:
SF:users\profile.ts
FN:13,(anonymous_0)
FN:23,upsertProfile
FNF:2
FNH:2
FNDA:2,(anonymous_0)
FNDA:8,upsertProfile
DA:1,2
DA:2,2
DA:3,2
DA:4,2
DA:5,2
DA:6,2
DA:7,2
DA:9,2
DA:13,2
DA:14,2
DA:23,2
DA:28,8
DA:29,8
DA:31,7
DA:32,7
DA:33,6
DA:35,6
DA:36,6
DA:38,6
DA:39,6
DA:40,6
DA:41,6
DA:44,6
DA:52,6
DA:61,5
DA:62,2
DA:68,3
DA:69,3
DA:78,3
DA:84,3
DA:89,3
DA:92,2
DA:93,1
DA:95,1
DA:96,1
DA:100,2
DA:101,0
DA:109,2
LF:38
LH:37
BRDA:14,0,0,2
BRDA:14,0,1,2
BRDA:26,1,0,4
BRDA:29,2,0,1
BRDA:39,3,0,6
BRDA:39,3,1,6
BRDA:61,4,0,2
BRDA:70,5,0,3
BRDA:70,5,1,1
BRDA:71,6,0,3
BRDA:71,6,1,0
BRDA:72,7,0,3
BRDA:72,7,1,2
BRDA:73,8,0,3
BRDA:73,8,1,3
BRDA:74,9,0,3
BRDA:74,9,1,3
BRDA:79,10,0,2
BRDA:79,10,1,1
BRDA:81,11,0,1
BRDA:81,11,1,2
BRDA:86,12,0,1
BRDA:86,12,1,2
BRDA:92,13,0,1
BRDA:100,14,0,0
BRF:25
BRH:23
end_of_record
