SF:lib/privacy/privacy_repository.dart
DA:8,1
DA:10,1
DA:18,2
DA:21,1
DA:23,2
DA:28,3
DA:29,0
DA:30,0
LF:8
LH:6
end_of_record
SF:lib/services/privacy_service.dart
DA:32,1
DA:38,1
DA:46,1
DA:55,2
DA:57,2
DA:58,1
DA:59,2
DA:67,2
DA:69,2
DA:72,2
DA:73,2
DA:76,1
DA:80,0
DA:84,0
DA:87,1
DA:88,1
DA:90,0
DA:103,1
DA:106,2
DA:108,2
DA:109,1
DA:110,2
DA:117,2
DA:119,1
DA:120,3
DA:124,4
DA:125,2
DA:128,0
DA:131,0
DA:134,1
DA:135,1
DA:138,0
DA:149,0
DA:151,0
DA:153,0
DA:156,0
DA:157,0
DA:159,0
DA:169,1
DA:175,5
DA:177,2
DA:178,1
DA:185,1
DA:187,2
DA:194,1
DA:196,1
DA:197,1
DA:198,1
DA:199,1
DA:200,1
DA:205,2
DA:209,1
DA:229,2
DA:230,0
DA:235,1
DA:236,1
DA:237,2
DA:238,3
DA:242,1
DA:243,1
DA:244,1
DA:245,1
DA:246,1
DA:247,1
DA:249,2
DA:252,1
DA:257,3
DA:258,0
DA:259,0
DA:260,0
DA:262,0
DA:265,0
DA:266,0
LF:73
LH:54
end_of_record
SF:lib/features/auth/domain/user.dart
DA:5,4
DA:28,3
DA:29,3
DA:30,3
DA:31,3
DA:32,6
DA:33,6
DA:34,3
DA:35,6
DA:36,6
DA:37,3
DA:38,3
DA:39,2
DA:45,2
DA:46,2
DA:47,2
DA:48,2
DA:49,4
DA:50,4
DA:51,2
DA:52,4
DA:53,4
DA:54,2
DA:55,3
DA:60,1
DA:71,1
DA:72,1
DA:73,1
DA:74,1
DA:75,1
DA:76,1
DA:77,1
DA:78,1
DA:79,1
DA:80,1
DA:84,2
DA:87,1
DA:88,3
DA:89,3
DA:90,3
DA:91,3
DA:92,3
DA:93,3
DA:94,3
DA:95,3
DA:96,3
DA:99,1
DA:101,1
DA:102,1
DA:103,1
DA:104,1
DA:105,1
DA:106,1
DA:107,1
DA:108,1
DA:109,1
DA:110,1
DA:114,1
DA:116,6
DA:129,3
DA:130,3
DA:131,12
DA:132,1
DA:147,3
DA:148,3
DA:149,12
DA:150,1
LF:67
LH:67
end_of_record
SF:lib/features/auth/application/auth_providers.dart
DA:20,10
DA:21,1
DA:25,10
DA:26,2
DA:28,1
DA:31,1
DA:37,7
DA:40,6
DA:41,5
DA:42,4
DA:43,2
DA:48,3
DA:49,3
DA:50,3
DA:56,1
DA:57,4
DA:58,3
DA:62,3
DA:64,6
DA:65,4
DA:67,2
DA:72,1
DA:74,1
DA:75,2
DA:76,2
DA:77,1
DA:78,1
DA:79,2
DA:81,2
DA:82,3
DA:89,1
DA:91,1
DA:92,2
DA:93,2
DA:94,1
DA:95,1
DA:96,2
DA:98,0
DA:99,0
DA:106,1
DA:108,2
DA:109,1
DA:110,1
DA:112,2
DA:114,0
DA:115,0
DA:122,1
DA:124,2
DA:125,1
DA:126,1
DA:128,1
DA:129,1
DA:134,1
DA:136,2
DA:140,1
DA:141,1
DA:144,2
DA:145,2
DA:146,1
DA:149,2
DA:155,4
DA:156,2
DA:157,2
DA:161,4
DA:162,2
DA:163,2
DA:167,4
DA:168,2
DA:169,3
DA:173,4
DA:174,2
DA:175,1
DA:176,2
DA:177,1
DA:183,16
DA:185,2
DA:187,2
DA:189,1
DA:190,1
DA:197,2
DA:198,1
DA:199,1
LF:82
LH:78
end_of_record
SF:lib/features/auth/domain/auth_failure.dart
DA:5,7
DA:7,3
DA:10,6
DA:11,6
DA:13,3
DA:15,3
DA:17,1
DA:18,1
DA:20,1
DA:21,1
DA:23,2
DA:24,2
LF:12
LH:12
end_of_record
SF:lib/features/auth/application/oauth2_service.dart
DA:69,1
DA:71,2
DA:72,3
DA:73,1
DA:77,1
DA:79,2
DA:81,0
DA:84,2
DA:85,2
DA:87,0
DA:88,0
DA:90,0
DA:91,0
DA:98,1
DA:99,1
DA:102,1
DA:108,1
DA:109,1
DA:112,1
DA:120,5
DA:129,4
DA:150,1
DA:152,0
DA:158,2
DA:159,1
DA:161,1
DA:162,1
DA:164,1
DA:165,1
DA:167,1
DA:173,1
DA:174,0
DA:177,1
DA:179,2
DA:181,0
DA:185,0
DA:187,0
DA:188,0
DA:189,0
DA:190,0
DA:192,0
DA:193,0
DA:196,0
DA:197,0
DA:204,1
DA:207,2
DA:208,1
DA:213,2
DA:214,1
DA:216,1
DA:218,1
DA:219,1
DA:220,1
DA:222,1
DA:228,1
DA:229,1
DA:233,1
DA:234,2
DA:235,0
DA:236,0
DA:239,0
DA:245,1
DA:246,1
DA:251,1
DA:256,1
DA:260,1
DA:261,2
DA:267,1
DA:268,1
DA:270,2
DA:276,2
DA:279,1
DA:280,1
DA:281,1
DA:287,2
DA:291,1
DA:293,2
DA:294,1
DA:296,2
DA:297,1
DA:299,1
DA:300,1
DA:301,1
DA:311,1
DA:314,1
DA:315,2
DA:317,1
DA:320,1
DA:321,2
DA:323,1
DA:327,1
DA:328,3
DA:332,1
DA:333,0
DA:334,2
DA:336,1
DA:340,1
DA:342,2
DA:343,1
DA:344,1
DA:345,1
DA:350,2
DA:354,2
DA:356,1
DA:357,2
DA:358,1
DA:364,1
DA:368,1
DA:369,3
DA:376,1
DA:377,2
DA:378,2
DA:384,1
DA:386,2
DA:387,1
DA:390,2
DA:395,1
DA:396,2
DA:397,2
DA:398,2
DA:399,2
DA:400,2
DA:401,2
DA:412,1
DA:417,1
DA:420,1
DA:421,1
DA:428,1
DA:430,1
DA:432,1
DA:438,1
DA:439,2
DA:444,1
DA:445,1
DA:447,1
DA:448,1
DA:452,2
DA:458,1
DA:459,1
DA:460,1
DA:461,1
DA:462,3
DA:466,1
DA:468,0
DA:472,2
DA:478,1
DA:479,1
DA:481,1
DA:483,3
DA:488,0
LF:150
LH:127
end_of_record
SF:lib/features/auth/application/auth_service.dart
DA:18,4
DA:34,0
DA:36,0
DA:39,4
DA:40,4
DA:41,4
DA:44,4
DA:46,1
DA:47,1
DA:48,1
DA:49,1
DA:52,1
DA:55,3
DA:56,1
DA:60,1
DA:61,1
DA:64,4
DA:71,3
DA:73,3
DA:74,1
DA:75,2
DA:91,1
DA:92,2
DA:93,1
DA:95,2
DA:96,1
DA:100,1
DA:101,3
DA:105,2
DA:106,3
DA:107,1
DA:108,3
DA:111,2
DA:112,2
DA:115,1
DA:117,1
DA:121,1
DA:123,1
DA:127,1
DA:130,2
DA:131,2
DA:132,3
DA:135,3
DA:137,2
DA:138,2
DA:139,2
DA:140,0
DA:142,1
DA:143,1
DA:144,2
DA:145,3
DA:147,2
DA:148,2
DA:149,0
DA:150,1
DA:151,1
DA:153,1
DA:156,1
DA:157,1
DA:163,3
DA:168,2
DA:171,4
DA:172,2
DA:175,1
DA:180,1
DA:181,1
DA:185,2
DA:186,3
DA:187,1
DA:189,1
DA:193,2
DA:195,2
DA:196,1
DA:197,1
DA:200,2
DA:202,2
DA:205,3
DA:207,2
DA:209,1
DA:210,1
DA:214,1
DA:222,1
DA:223,1
DA:229,0
DA:230,0
DA:241,1
DA:245,1
DA:247,1
DA:248,1
DA:250,1
DA:251,1
DA:259,1
DA:261,2
DA:262,4
DA:263,4
DA:264,4
DA:265,4
DA:266,4
DA:269,1
DA:273,1
DA:275,2
DA:278,2
DA:284,1
DA:286,2
DA:288,2
DA:294,1
DA:296,2
DA:297,1
DA:298,1
DA:299,1
DA:300,1
DA:301,1
DA:302,1
DA:305,1
DA:306,1
DA:312,2
DA:316,2
DA:318,4
DA:319,4
DA:320,2
DA:321,4
DA:324,4
DA:325,4
DA:326,5
DA:328,2
DA:331,4
DA:332,2
DA:333,1
DA:334,4
DA:337,2
DA:338,4
DA:342,3
DA:344,3
DA:346,1
DA:347,2
DA:349,2
DA:355,1
DA:356,1
DA:362,1
DA:364,1
DA:366,2
DA:369,2
DA:371,2
DA:375,2
DA:377,2
DA:380,3
DA:383,1
DA:384,1
DA:390,1
DA:391,3
DA:396,1
DA:398,1
DA:400,2
DA:402,1
DA:406,2
DA:408,2
DA:412,2
DA:414,2
DA:417,1
DA:419,1
DA:420,1
DA:428,1
DA:430,1
DA:431,3
DA:436,1
DA:438,2
DA:442,2
DA:443,3
DA:444,1
DA:446,1
DA:450,2
DA:452,2
DA:455,1
DA:458,2
DA:465,2
DA:471,3
LF:176
LH:170
end_of_record
SF:lib/core/logging/app_logger.dart
DA:17,2
DA:20,1
DA:22,1
DA:27,2
DA:28,2
DA:32,1
DA:33,1
DA:37,1
DA:38,1
DA:42,2
DA:48,4
DA:49,6
DA:50,4
DA:52,2
DA:56,2
DA:57,2
DA:58,4
DA:60,1
DA:61,1
DA:62,2
DA:68,3
DA:71,2
DA:72,5
DA:79,13
LF:24
LH:24
end_of_record
SF:lib/core/network/api_endpoints.dart
DA:28,2
DA:29,2
DA:32,1
DA:33,1
DA:34,1
DA:35,1
DA:38,2
DA:39,2
DA:42,1
DA:43,1
DA:44,1
DA:45,1
DA:48,0
LF:13
LH:12
end_of_record
SF:lib/core/network/dio_client.dart
DA:16,4
DA:26,1
DA:27,0
DA:28,2
DA:31,2
DA:32,2
DA:33,2
DA:36,4
DA:39,2
DA:43,3
DA:47,2
DA:48,1
DA:54,4
DA:66,1
DA:68,1
DA:74,1
DA:75,2
DA:76,1
DA:78,4
DA:81,1
DA:86,3
DA:88,1
DA:89,1
DA:92,2
DA:94,1
DA:98,1
DA:101,1
DA:104,3
DA:105,0
DA:108,1
DA:113,1
DA:126,1
DA:134,2
DA:135,1
DA:136,1
DA:137,1
DA:138,2
DA:139,2
DA:144,1
DA:152,1
DA:154,1
LF:41
LH:39
end_of_record
SF:lib/core/security/cert_pinning.dart
DA:43,3
DA:45,6
DA:46,6
DA:47,3
DA:48,3
DA:49,3
DA:50,3
DA:51,6
DA:52,6
DA:53,6
DA:65,3
DA:67,1
DA:74,0
DA:78,2
DA:83,4
DA:85,1
DA:86,0
DA:91,4
DA:92,1
DA:93,3
DA:99,1
DA:100,2
DA:104,3
DA:105,3
DA:108,6
DA:113,3
DA:115,9
DA:118,9
DA:119,6
DA:121,0
DA:129,1
DA:132,0
DA:135,4
DA:137,1
DA:138,3
DA:145,1
DA:148,1
DA:150,2
DA:151,0
DA:152,5
DA:153,1
DA:154,1
DA:156,1
DA:157,1
DA:158,1
DA:159,1
DA:160,1
DA:166,1
DA:171,2
DA:172,4
DA:173,2
DA:174,10
DA:175,2
DA:181,1
DA:182,1
DA:186,2
DA:187,2
DA:190,2
DA:191,2
DA:205,1
DA:211,2
DA:212,1
DA:213,1
DA:214,1
DA:215,3
DA:220,2
DA:222,2
LF:67
LH:62
end_of_record
SF:lib/core/security/device_integrity.dart
DA:29,4
DA:37,3
DA:39,2
DA:40,2
DA:41,1
DA:42,2
DA:43,1
DA:44,1
DA:45,2
DA:56,3
DA:58,3
DA:59,2
DA:60,8
DA:61,2
DA:74,3
DA:78,0
DA:90,2
DA:95,2
DA:103,2
DA:105,2
DA:115,2
DA:116,2
DA:121,3
DA:123,1
DA:124,1
DA:130,1
DA:132,1
DA:133,1
DA:143,1
DA:144,1
DA:145,1
DA:149,2
DA:150,2
DA:153,4
DA:154,4
DA:158,8
DA:166,11
DA:167,2
DA:170,11
DA:171,4
DA:172,2
DA:176,4
DA:177,2
DA:178,1
DA:179,2
DA:180,1
DA:181,0
DA:186,8
DA:187,4
DA:188,2
DA:189,4
DA:190,2
DA:191,0
LF:53
LH:50
end_of_record
SF:lib/core/auth/auth_session_manager.dart
DA:15,1
DA:18,1
DA:20,1
DA:21,6
DA:23,1
DA:54,3
DA:65,2
DA:66,6
DA:67,4
DA:71,3
DA:72,3
DA:73,3
DA:74,3
DA:75,3
DA:76,3
DA:77,3
DA:78,6
DA:79,6
DA:84,2
DA:85,2
DA:86,2
DA:87,2
DA:88,2
DA:89,2
DA:90,2
DA:91,4
DA:92,4
DA:97,3
DA:106,3
DA:107,3
DA:108,2
DA:109,3
DA:110,3
DA:111,3
DA:112,3
DA:113,2
DA:139,1
DA:146,2
DA:148,1
DA:154,1
DA:158,1
DA:159,1
DA:160,2
DA:163,1
DA:167,1
DA:168,2
DA:172,1
DA:173,1
DA:178,2
DA:185,2
DA:187,2
DA:188,2
DA:189,2
DA:190,2
DA:192,2
DA:195,6
DA:197,2
DA:204,0
DA:210,2
DA:212,2
DA:213,2
DA:217,2
DA:218,4
DA:220,0
DA:226,2
DA:228,2
DA:229,2
DA:234,2
DA:235,4
DA:241,0
DA:247,2
DA:249,2
DA:250,2
DA:252,2
DA:253,2
DA:254,2
DA:255,2
DA:259,2
DA:263,2
DA:266,0
DA:272,2
DA:274,2
DA:275,2
DA:276,2
DA:277,2
DA:279,4
DA:281,0
DA:287,2
DA:292,2
DA:295,2
DA:298,4
DA:299,1
DA:303,2
DA:304,2
DA:306,2
DA:309,4
DA:312,0
DA:318,2
DA:320,2
DA:324,1
DA:325,1
DA:328,1
DA:330,1
DA:332,0
DA:338,1
DA:340,1
DA:343,1
DA:345,0
DA:351,1
DA:355,3
DA:357,0
LF:111
LH:102
end_of_record
SF:lib/features/auth/presentation/auth_choice_screen.dart
DA:6,3
DA:8,1
DA:10,1
DA:11,1
DA:12,1
DA:13,1
DA:15,1
DA:17,1
DA:20,1
DA:24,1
DA:27,4
DA:32,1
DA:35,3
DA:38,1
DA:39,0
DA:40,0
DA:45,1
DA:46,0
DA:49,0
DA:50,0
DA:56,1
DA:57,0
LF:22
LH:16
end_of_record
SF:lib/features/auth/presentation/auth_gate.dart
DA:8,3
DA:10,1
DA:12,2
DA:14,1
DA:15,1
DA:20,1
DA:21,0
LF:7
LH:6
end_of_record
SF:lib/privacy/privacy_screen.dart
DA:12,3
DA:14,1
DA:15,1
DA:21,1
DA:22,3
DA:23,3
DA:24,3
DA:27,1
DA:28,1
DA:29,1
DA:31,5
DA:32,3
DA:33,1
DA:38,3
DA:39,1
DA:40,1
DA:41,1
DA:42,2
DA:44,3
DA:45,1
DA:46,1
DA:47,0
DA:54,0
DA:55,0
DA:56,0
DA:57,0
DA:62,0
DA:65,0
DA:66,0
DA:68,4
DA:72,1
DA:74,1
DA:75,1
DA:76,2
DA:79,1
DA:80,1
DA:81,0
DA:84,1
DA:85,2
DA:95,3
DA:96,3
DA:97,3
DA:100,1
DA:101,1
DA:102,1
DA:104,3
DA:107,1
DA:109,0
DA:112,3
DA:113,3
DA:114,3
DA:116,1
DA:117,3
DA:118,2
DA:119,1
DA:123,0
DA:126,0
DA:127,0
DA:129,4
DA:133,0
DA:134,0
DA:135,0
DA:136,0
DA:137,0
DA:138,0
DA:139,0
DA:140,0
DA:141,0
DA:142,0
DA:150,1
DA:152,1
DA:153,1
DA:154,1
DA:156,1
DA:157,1
DA:158,1
DA:159,2
DA:161,2
DA:164,1
DA:165,2
DA:168,1
LF:81
LH:58
end_of_record
SF:lib/privacy/save_file.dart
DA:10,1
DA:25,0
DA:31,0
DA:32,0
DA:33,0
DA:36,0
DA:39,0
DA:44,3
DA:45,0
DA:50,0
DA:55,0
DA:56,0
LF:12
LH:2
end_of_record
SF:lib/screens/privacy_settings_screen.dart
DA:19,3
DA:21,1
DA:23,1
DA:29,1
DA:31,1
DA:32,1
DA:34,3
DA:36,1
DA:38,1
DA:40,1
DA:41,1
DA:43,1
DA:45,1
DA:47,1
DA:54,1
DA:55,1
DA:56,1
DA:58,1
DA:60,1
DA:61,1
DA:62,1
DA:63,1
DA:65,4
DA:68,1
DA:70,4
DA:75,1
DA:77,4
DA:85,1
DA:86,1
DA:87,1
DA:89,1
DA:91,1
DA:92,1
DA:93,1
DA:94,1
DA:96,4
DA:99,1
DA:101,4
DA:106,1
DA:108,4
DA:111,1
DA:113,1
DA:114,2
DA:115,1
DA:122,1
DA:123,1
DA:125,1
DA:131,1
DA:133,5
DA:134,1
DA:135,1
DA:136,3
DA:145,1
DA:146,1
DA:147,4
DA:148,1
DA:150,1
DA:152,1
DA:153,1
DA:154,1
DA:155,1
DA:157,4
DA:160,1
DA:162,5
DA:163,4
DA:169,1
DA:171,5
DA:172,4
DA:176,1
DA:178,1
DA:179,2
DA:182,1
DA:184,4
DA:185,5
DA:195,1
DA:196,1
DA:197,1
DA:199,1
DA:201,1
DA:202,1
DA:203,1
DA:204,1
DA:206,4
DA:209,1
DA:211,4
DA:216,1
DA:222,2
DA:227,1
DA:233,2
DA:238,1
DA:244,2
DA:255,1
DA:256,3
DA:258,3
DA:259,3
DA:262,1
DA:264,1
DA:267,1
DA:268,1
DA:269,0
DA:275,1
DA:276,1
DA:283,1
DA:284,1
DA:290,1
DA:291,1
DA:299,0
DA:306,1
DA:307,1
DA:312,1
DA:313,3
DA:318,1
DA:319,1
DA:322,3
DA:324,3
DA:325,3
DA:328,1
DA:330,2
DA:333,1
DA:334,1
DA:339,1
DA:340,3
DA:344,1
DA:345,1
DA:351,1
DA:352,1
DA:360,0
DA:367,1
DA:368,1
DA:373,1
DA:374,3
DA:379,1
DA:382,1
DA:385,4
DA:386,1
DA:389,1
DA:390,0
DA:393,0
DA:396,0
DA:397,0
DA:398,0
DA:399,0
DA:403,0
DA:406,0
DA:407,0
DA:408,0
DA:409,0
DA:410,0
DA:413,0
DA:415,0
DA:416,0
DA:422,0
DA:426,0
DA:427,0
DA:429,0
DA:430,0
DA:440,0
DA:448,1
DA:449,1
DA:450,1
DA:451,2
DA:452,1
DA:454,3
DA:463,1
DA:464,1
DA:465,3
DA:468,1
DA:469,1
DA:470,3
DA:472,3
DA:481,1
DA:482,1
DA:483,1
DA:484,0
DA:490,0
DA:491,0
DA:492,0
DA:493,0
DA:494,0
DA:502,1
DA:503,1
DA:504,1
DA:505,2
DA:506,1
DA:508,3
DA:511,1
DA:512,1
DA:513,1
DA:514,1
DA:515,0
DA:523,1
DA:524,1
DA:525,1
DA:526,2
DA:527,1
DA:528,1
DA:529,1
DA:530,1
DA:531,0
LF:199
LH:167
end_of_record
SF:lib/core/observability/asora_tracer.dart
DA:20,2
DA:23,2
DA:24,4
DA:28,2
DA:29,4
DA:33,2
DA:34,2
DA:35,2
DA:39,2
DA:40,8
DA:41,6
DA:43,6
DA:48,2
DA:49,2
DA:50,2
DA:52,6
DA:53,6
DA:56,2
DA:57,4
DA:59,2
DA:60,4
DA:61,2
DA:66,2
DA:67,4
DA:72,2
DA:73,2
DA:74,4
DA:75,4
DA:76,6
DA:77,4
DA:78,3
DA:79,4
DA:80,6
DA:81,6
DA:82,2
DA:92,2
DA:96,4
DA:99,4
DA:100,2
DA:101,2
DA:102,2
DA:103,2
DA:116,2
DA:122,2
DA:123,4
DA:126,2
DA:129,2
DA:130,4
DA:132,2
DA:136,2
DA:137,1
DA:138,2
DA:139,4
DA:145,4
DA:146,4
DA:148,2
DA:149,4
DA:150,2
DA:154,2
DA:158,2
DA:163,2
DA:164,2
DA:169,1
DA:174,1
DA:175,2
DA:179,1
DA:180,2
DA:184,1
DA:185,1
DA:186,1
DA:187,2
DA:188,0
DA:189,0
DA:190,0
DA:191,0
DA:197,1
DA:198,0
DA:200,0
DA:201,0
DA:202,0
DA:203,0
DA:209,1
DA:210,0
DA:212,0
DA:218,2
DA:224,2
DA:225,2
DA:226,2
DA:227,1
DA:228,3
DA:229,2
LF:91
LH:80
end_of_record
SF:lib/core/providers/repository_providers.dart
DA:22,4
DA:30,1
DA:33,2
DA:34,2
DA:35,4
DA:47,10
DA:48,2
DA:49,1
DA:56,4
DA:57,2
DA:58,1
LF:11
LH:11
end_of_record
SF:lib/features/moderation/domain/moderation_repository.dart
DA:101,3
DA:103,0
DA:104,0
LF:3
LH:1
end_of_record
SF:lib/features/moderation/application/moderation_service.dart
DA:23,1
DA:25,0
DA:28,0
DA:30,0
DA:33,0
DA:34,0
DA:35,0
DA:36,0
DA:37,0
DA:39,0
DA:40,0
DA:44,0
DA:45,0
DA:46,0
DA:51,0
DA:52,0
DA:59,0
DA:69,0
DA:71,0
DA:78,0
DA:81,0
DA:82,0
DA:84,0
DA:85,0
DA:89,0
DA:90,0
DA:91,0
DA:96,0
DA:97,0
DA:104,0
DA:113,0
DA:115,0
DA:116,0
DA:117,0
DA:118,0
DA:119,0
DA:121,0
DA:124,0
DA:125,0
DA:126,0
DA:127,0
DA:132,0
DA:133,0
DA:140,0
DA:148,0
DA:150,0
DA:151,0
DA:152,0
DA:153,0
DA:155,0
DA:158,0
DA:159,0
DA:160,0
DA:161,0
DA:166,0
DA:167,0
DA:174,0
DA:182,0
DA:183,0
DA:184,0
DA:185,0
DA:188,0
DA:191,0
DA:194,0
DA:195,0
DA:197,0
DA:198,0
DA:202,0
DA:203,0
DA:204,0
DA:209,0
DA:210,0
LF:72
LH:1
end_of_record
SF:lib/features/feed/domain/feed_repository.dart
DA:66,1
DA:75,1
DA:76,1
DA:77,1
DA:78,1
DA:79,1
DA:80,2
DA:81,2
DA:82,2
DA:93,1
DA:95,1
DA:96,2
LF:12
LH:12
end_of_record
SF:lib/features/feed/application/feed_service.dart
DA:24,2
DA:26,1
DA:33,1
DA:35,1
DA:36,1
DA:37,1
DA:38,1
DA:39,0
DA:42,2
DA:45,3
DA:48,3
DA:49,2
DA:51,1
DA:52,2
DA:58,1
DA:61,2
DA:62,1
DA:63,1
DA:64,1
DA:66,0
DA:68,1
DA:69,1
DA:70,1
DA:71,2
DA:76,1
DA:77,1
DA:85,1
DA:91,1
DA:93,1
DA:94,2
DA:96,1
DA:97,3
DA:100,3
DA:101,2
DA:102,2
DA:103,3
DA:104,1
DA:106,1
DA:107,2
DA:112,1
DA:115,2
DA:116,1
DA:117,1
DA:118,0
DA:119,0
DA:124,1
DA:125,1
DA:133,1
DA:136,2
DA:138,3
DA:141,3
DA:142,2
DA:143,3
DA:145,1
DA:146,2
DA:150,1
DA:151,0
DA:152,0
DA:157,1
DA:158,1
LF:60
LH:54
end_of_record
SF:lib/screens/feed_screen.dart
DA:29,1
DA:30,1
DA:31,1
DA:34,1
DA:35,2
DA:39,2
DA:42,2
DA:45,1
DA:46,1
DA:48,2
DA:53,0
DA:54,0
DA:55,0
DA:58,0
DA:59,0
DA:63,0
DA:66,0
DA:69,0
DA:72,0
DA:82,1
DA:83,1
DA:84,1
DA:85,1
DA:86,1
DA:88,1
DA:89,1
DA:90,1
DA:91,1
DA:92,1
DA:98,3
DA:100,1
DA:102,2
DA:104,1
DA:106,1
DA:109,1
DA:110,2
DA:112,3
DA:115,1
DA:117,1
DA:120,1
DA:121,1
DA:124,1
DA:138,3
DA:139,1
DA:141,1
DA:143,2
DA:150,1
DA:151,1
DA:153,1
DA:154,2
DA:155,1
DA:158,5
DA:159,1
DA:160,1
DA:161,4
DA:166,5
DA:167,1
DA:168,1
DA:169,4
DA:175,0
DA:181,3
DA:182,1
DA:183,1
DA:190,1
DA:192,1
DA:194,3
DA:195,1
DA:196,1
DA:197,2
DA:198,2
DA:199,1
DA:200,4
DA:201,2
DA:202,2
DA:205,3
DA:208,1
DA:209,4
DA:210,4
DA:212,0
DA:213,0
DA:214,0
DA:215,0
DA:216,0
DA:217,0
DA:218,0
DA:219,0
DA:220,0
DA:221,0
DA:222,0
DA:223,0
DA:224,0
DA:232,1
DA:234,2
DA:235,1
DA:238,1
DA:240,4
DA:241,1
DA:243,1
DA:244,1
DA:246,2
DA:247,1
DA:248,1
DA:249,2
DA:251,3
DA:252,1
DA:254,1
DA:255,2
DA:256,1
DA:273,1
DA:280,1
DA:282,1
DA:283,1
DA:285,1
DA:287,1
DA:288,1
DA:290,1
DA:293,1
DA:294,1
DA:296,1
DA:297,1
DA:299,2
DA:300,1
DA:301,3
DA:302,1
DA:306,1
DA:307,1
DA:308,1
DA:314,2
DA:318,1
DA:319,1
DA:320,1
DA:327,1
DA:329,1
DA:331,1
DA:332,1
DA:334,1
DA:335,2
DA:336,1
DA:339,1
DA:341,1
DA:342,0
DA:343,0
DA:346,1
DA:348,1
DA:349,0
DA:350,0
DA:353,1
DA:355,1
DA:356,0
DA:357,0
DA:371,1
DA:372,2
DA:373,2
DA:383,1
DA:385,1
DA:387,1
DA:390,1
DA:391,2
DA:392,1
DA:395,2
DA:398,3
DA:399,3
DA:407,3
DA:408,1
DA:410,3
DA:411,1
DA:432,1
DA:434,1
DA:436,1
DA:437,2
DA:438,2
DA:440,4
DA:442,1
DA:443,1
DA:445,1
DA:446,1
DA:447,1
DA:448,2
DA:449,1
DA:452,1
DA:453,2
DA:454,2
DA:458,1
DA:460,1
DA:461,1
DA:463,1
DA:464,1
DA:471,1
DA:473,1
DA:479,3
DA:480,1
DA:481,4
DA:482,1
DA:483,1
DA:492,1
DA:494,1
DA:496,2
DA:497,0
DA:498,0
DA:499,0
DA:500,0
DA:501,0
DA:506,1
DA:508,2
DA:509,0
DA:510,0
DA:511,0
DA:514,1
DA:516,2
DA:517,0
DA:518,0
DA:519,0
DA:522,1
DA:524,2
DA:525,0
DA:526,0
DA:527,0
DA:528,0
DA:529,0
DA:534,1
DA:536,2
DA:537,0
DA:538,0
DA:539,0
DA:540,0
DA:541,0
DA:546,1
DA:547,1
DA:549,2
DA:550,0
DA:551,0
DA:552,0
DA:555,1
DA:557,2
DA:558,0
DA:559,0
DA:560,0
DA:563,1
DA:564,1
DA:565,3
DA:566,1
DA:568,3
DA:570,2
DA:572,1
DA:573,1
DA:575,2
DA:576,1
DA:577,1
DA:578,1
DA:581,1
DA:583,2
DA:584,0
DA:585,0
DA:586,0
DA:591,1
DA:592,1
DA:594,2
DA:595,1
DA:596,1
DA:597,1
DA:605,1
DA:606,2
DA:607,1
DA:608,2
DA:614,1
DA:615,1
DA:617,2
DA:618,2
DA:619,1
DA:621,1
DA:623,1
DA:624,1
DA:625,3
DA:626,2
DA:628,1
DA:629,0
DA:630,0
DA:631,0
DA:633,0
DA:635,2
DA:642,1
DA:643,1
DA:647,1
DA:650,1
DA:651,1
DA:652,1
DA:653,1
DA:654,3
DA:655,3
DA:661,1
DA:662,1
DA:664,1
DA:666,1
LF:293
LH:230
end_of_record
SF:lib/features/moderation/domain/appeal.dart
DA:59,7
DA:87,2
DA:88,2
DA:89,2
DA:90,2
DA:91,2
DA:92,2
DA:93,2
DA:94,2
DA:95,2
DA:96,2
DA:97,2
DA:98,2
DA:99,4
DA:100,4
DA:101,2
DA:102,4
DA:103,2
DA:104,5
DA:105,2
DA:106,2
DA:107,8
DA:108,1
DA:110,2
DA:111,2
DA:113,2
DA:114,2
DA:115,2
DA:116,2
DA:117,2
DA:118,2
DA:122,1
DA:123,1
DA:124,1
DA:125,1
DA:126,1
DA:127,1
DA:128,1
DA:129,1
DA:130,1
DA:131,1
DA:132,1
DA:133,1
DA:134,2
DA:135,2
DA:136,1
DA:137,1
DA:138,1
DA:139,1
DA:140,1
DA:141,2
DA:142,2
DA:143,1
DA:144,1
DA:145,1
DA:146,1
DA:147,1
DA:148,1
DA:167,4
DA:178,1
DA:179,1
DA:180,1
DA:181,1
DA:182,1
DA:183,2
DA:184,1
DA:185,1
DA:186,1
DA:188,1
DA:189,3
DA:190,1
DA:191,1
DA:195,1
DA:196,1
DA:197,1
DA:198,1
DA:199,1
DA:200,1
DA:201,1
DA:202,1
DA:203,1
DA:204,5
DA:216,1
DA:223,1
DA:224,1
DA:225,1
DA:226,1
DA:227,1
DA:228,2
DA:232,1
DA:233,1
DA:234,1
DA:235,1
DA:236,1
DA:237,1
DA:252,2
DA:262,2
DA:263,2
DA:264,2
DA:265,2
DA:266,2
DA:267,2
DA:268,2
DA:269,4
DA:270,2
DA:274,1
DA:275,1
DA:276,1
DA:277,1
DA:278,1
DA:279,1
DA:280,1
DA:281,2
DA:282,1
DA:294,3
DA:301,2
DA:302,2
DA:303,2
DA:304,6
DA:305,2
DA:306,4
DA:307,5
DA:308,5
DA:321,3
DA:329,2
DA:330,2
DA:331,2
DA:332,2
DA:333,2
DA:334,2
DA:335,2
DA:348,3
DA:356,2
DA:357,2
DA:358,2
DA:359,2
DA:360,2
DA:361,2
DA:362,2
DA:366,1
DA:367,1
DA:368,3
DA:369,3
DA:370,3
DA:371,2
DA:372,2
DA:385,3
DA:393,2
DA:394,2
DA:395,2
DA:396,2
DA:397,2
DA:398,4
DA:399,6
DA:411,2
DA:418,1
DA:419,1
DA:420,1
DA:421,1
DA:422,1
DA:423,1
DA:424,2
LF:162
LH:162
end_of_record
SF:lib/features/feed/domain/models.dart
DA:28,2
DA:45,1
DA:46,1
DA:47,1
DA:48,1
DA:49,1
DA:50,1
DA:51,2
DA:52,1
DA:53,2
DA:55,1
DA:56,1
DA:57,1
DA:58,1
DA:59,2
DA:61,1
DA:62,2
DA:64,1
DA:65,2
DA:67,1
DA:68,1
DA:72,1
DA:73,1
DA:74,2
DA:75,2
DA:76,2
DA:77,2
DA:78,3
DA:79,4
DA:80,2
DA:81,2
DA:82,2
DA:83,3
DA:84,4
DA:85,4
DA:86,2
DA:87,2
DA:100,1
DA:108,1
DA:109,1
DA:110,1
DA:111,2
DA:112,3
DA:113,2
DA:114,1
DA:118,1
DA:119,1
DA:120,1
DA:121,1
DA:122,1
DA:123,2
DA:124,1
DA:137,1
DA:145,1
DA:146,1
DA:147,1
DA:148,3
DA:149,1
DA:150,1
DA:151,1
DA:155,1
DA:156,1
DA:157,3
DA:158,3
DA:159,2
DA:160,2
DA:161,3
DA:177,1
DA:189,1
DA:190,1
DA:191,1
DA:192,1
DA:193,1
DA:194,1
DA:195,1
DA:196,2
DA:197,1
DA:198,1
DA:199,1
DA:203,1
DA:204,1
DA:205,2
DA:206,2
DA:207,2
DA:208,2
DA:209,2
DA:210,3
DA:211,2
DA:212,2
DA:213,3
DA:227,1
DA:236,1
DA:237,1
DA:238,1
DA:239,3
DA:240,1
DA:241,1
DA:242,1
DA:243,1
DA:244,1
DA:245,1
DA:260,0
DA:270,1
DA:271,1
DA:272,2
DA:273,2
DA:274,3
DA:275,3
DA:276,3
DA:277,3
DA:278,3
DA:293,1
DA:294,1
DA:295,1
DA:296,1
DA:297,1
DA:301,1
DA:302,1
DA:303,1
DA:304,1
DA:305,1
DA:306,2
DA:314,1
DA:315,1
DA:316,1
DA:317,1
DA:318,1
LF:127
LH:126
end_of_record
SF:lib/features/moderation/application/moderation_providers.dart
DA:23,4
DA:24,2
DA:27,2
DA:28,6
DA:29,2
DA:36,4
DA:37,2
DA:38,1
DA:40,1
DA:44,2
DA:45,2
DA:49,2
DA:50,1
DA:52,1
DA:53,1
DA:54,1
DA:55,1
DA:61,8
DA:65,4
DA:66,2
DA:68,2
DA:69,2
DA:70,2
DA:71,2
DA:77,4
DA:81,2
DA:82,1
DA:84,1
DA:85,1
DA:86,1
DA:87,1
DA:88,1
DA:89,1
DA:95,2
DA:96,2
DA:100,2
DA:101,1
DA:103,1
DA:104,1
DA:105,1
DA:106,1
DA:107,1
DA:119,3
DA:127,2
DA:141,1
DA:156,1
LF:46
LH:46
end_of_record
SF:lib/features/moderation/presentation/screens/moderation_queue_screen.dart
DA:16,3
DA:20,0
DA:21,0
DA:22,0
DA:25,0
DA:27,0
DA:29,0
DA:30,0
DA:31,0
DA:34,0
DA:35,0
DA:36,0
DA:37,0
DA:38,0
DA:39,0
DA:43,0
DA:45,0
DA:46,0
DA:52,0
DA:54,0
DA:55,0
DA:60,0
DA:62,0
DA:63,0
DA:64,0
DA:65,0
DA:66,0
DA:67,0
DA:69,0
DA:70,0
DA:71,0
DA:72,0
DA:73,0
DA:74,0
DA:75,0
DA:76,0
DA:79,0
DA:82,0
DA:83,0
DA:84,0
DA:85,0
DA:87,0
DA:98,0
DA:103,0
DA:105,0
DA:107,0
DA:108,0
DA:115,0
DA:118,0
DA:119,0
DA:120,0
DA:121,0
DA:124,0
DA:125,0
DA:127,0
DA:135,0
DA:139,0
DA:141,0
DA:143,0
DA:145,0
DA:147,0
DA:148,0
DA:150,0
DA:152,0
DA:153,0
DA:155,0
DA:160,0
DA:163,0
DA:164,0
DA:167,0
DA:169,0
DA:172,0
DA:174,0
DA:177,0
DA:179,0
DA:183,0
DA:196,0
DA:206,0
DA:208,0
DA:210,0
DA:212,0
DA:213,0
DA:215,0
DA:218,0
DA:219,0
DA:220,0
DA:221,0
DA:225,0
DA:234,3
DA:236,0
DA:238,0
DA:249,0
DA:254,0
DA:256,0
DA:258,0
DA:261,0
DA:262,0
DA:264,0
DA:265,0
DA:267,0
DA:268,0
DA:270,0
DA:273,0
DA:282,3
DA:284,0
DA:286,0
DA:288,0
DA:289,0
DA:291,0
DA:293,0
DA:294,0
DA:297,0
DA:300,0
DA:302,0
DA:308,0
DA:310,0
DA:321,3
DA:323,0
DA:325,0
DA:327,0
DA:329,0
DA:330,0
DA:333,0
DA:336,0
DA:338,0
DA:344,0
DA:346,0
LF:127
LH:4
end_of_record
SF:lib/features/moderation/presentation/widgets/appeal_voting_card.dart
DA:19,1
DA:26,1
DA:27,1
DA:34,1
DA:36,1
DA:37,4
DA:40,1
DA:42,1
DA:45,1
DA:47,1
DA:49,1
DA:51,1
DA:52,1
DA:53,3
DA:54,1
DA:60,1
DA:61,1
DA:62,1
DA:64,1
DA:65,1
DA:67,1
DA:68,1
DA:69,4
DA:70,4
DA:72,4
DA:75,1
DA:76,8
DA:77,3
DA:82,4
DA:88,1
DA:90,1
DA:92,1
DA:94,1
DA:99,1
DA:104,1
DA:109,3
DA:110,1
DA:112,1
DA:115,1
DA:124,1
DA:125,3
DA:126,1
DA:129,1
DA:131,1
DA:133,1
DA:139,1
DA:141,1
DA:143,1
DA:145,1
DA:156,1
DA:157,3
DA:158,1
DA:160,1
DA:162,1
DA:163,1
DA:164,1
DA:165,1
DA:167,1
DA:169,1
DA:172,1
DA:173,1
DA:185,1
DA:186,1
DA:188,1
DA:189,4
DA:190,1
DA:192,1
DA:194,1
DA:195,1
DA:196,1
DA:197,1
DA:198,4
DA:200,4
DA:203,1
DA:204,4
DA:205,1
DA:206,1
DA:207,3
DA:212,4
DA:213,1
DA:214,3
DA:215,1
DA:216,1
DA:217,3
DA:218,2
DA:219,2
DA:223,1
DA:224,3
DA:225,4
DA:226,2
DA:227,2
DA:234,1
DA:235,1
DA:237,1
DA:238,1
DA:239,1
DA:240,2
DA:242,1
DA:244,1
DA:245,1
DA:246,1
DA:249,1
DA:250,4
DA:251,5
DA:253,1
DA:258,5
DA:260,1
DA:262,5
DA:263,1
DA:264,1
DA:265,1
DA:266,2
DA:268,1
DA:276,1
DA:277,1
DA:279,1
DA:280,1
DA:281,1
DA:282,2
DA:284,1
DA:286,1
DA:287,1
DA:288,1
DA:291,1
DA:292,6
DA:293,5
DA:295,1
DA:301,1
DA:302,3
DA:303,4
DA:305,5
DA:307,1
DA:308,4
DA:309,1
DA:310,1
DA:311,3
DA:319,1
DA:320,3
DA:321,1
DA:323,1
DA:325,1
DA:326,4
DA:327,1
DA:329,1
DA:331,1
DA:332,1
DA:333,1
DA:336,1
DA:338,1
DA:339,1
DA:340,3
DA:343,1
DA:344,2
DA:345,4
DA:350,3
DA:351,1
DA:352,1
DA:353,1
DA:357,1
DA:358,1
DA:359,1
DA:360,3
DA:368,1
DA:369,2
DA:378,1
DA:379,1
DA:381,1
DA:382,1
DA:383,3
DA:386,2
DA:388,1
DA:390,1
DA:391,1
DA:392,1
DA:393,1
DA:410,1
DA:412,1
DA:413,1
DA:417,3
DA:418,1
DA:422,1
DA:425,1
DA:426,2
DA:427,1
DA:429,1
DA:430,1
DA:431,1
DA:432,1
DA:433,1
DA:436,1
DA:437,1
DA:438,1
DA:444,1
DA:445,1
DA:446,1
DA:447,2
DA:456,1
DA:457,1
DA:459,1
DA:460,1
DA:461,1
DA:462,2
DA:464,1
DA:465,1
DA:468,1
DA:469,1
DA:470,3
DA:483,1
DA:484,1
DA:486,1
DA:487,1
DA:488,3
DA:489,1
DA:493,1
DA:506,1
DA:507,1
DA:508,1
DA:512,1
DA:529,1
DA:530,2
DA:531,1
DA:535,1
DA:536,3
DA:540,5
DA:542,1
DA:543,2
DA:544,1
DA:547,1
DA:548,3
DA:556,2
DA:558,2
DA:561,1
DA:562,3
DA:563,1
DA:564,2
DA:570,1
DA:571,2
DA:572,1
DA:578,1
DA:579,1
DA:580,1
DA:581,2
DA:585,1
DA:586,1
DA:587,1
DA:589,1
DA:591,1
DA:598,1
DA:599,1
DA:600,1
DA:602,2
DA:603,2
DA:604,2
DA:605,2
DA:606,2
DA:607,2
LF:256
LH:256
end_of_record
SF:lib/widgets/security_widgets.dart
DA:15,3
DA:17,2
DA:19,4
DA:21,2
DA:22,1
DA:23,2
DA:24,1
DA:28,2
DA:29,1
DA:38,1
DA:40,1
DA:42,1
DA:44,1
DA:46,1
DA:47,1
DA:50,1
DA:51,1
DA:54,1
DA:55,1
DA:57,1
DA:64,1
DA:66,1
DA:75,1
DA:77,2
DA:84,1
DA:85,1
DA:87,2
DA:88,1
DA:89,1
DA:92,1
DA:94,1
DA:98,1
DA:101,1
DA:102,1
DA:104,1
DA:107,1
DA:109,1
DA:112,1
DA:113,1
DA:114,1
DA:116,1
DA:118,2
DA:122,1
DA:123,1
DA:124,3
DA:125,2
DA:132,1
DA:133,1
DA:135,2
DA:146,1
DA:153,1
DA:155,2
DA:157,1
DA:158,3
DA:159,1
DA:160,1
DA:164,1
DA:165,1
DA:167,2
DA:168,1
DA:169,1
DA:172,1
DA:174,1
DA:178,1
DA:180,1
DA:182,1
DA:183,1
DA:184,3
DA:185,2
DA:195,0
DA:197,1
DA:199,2
DA:201,1
DA:202,1
DA:204,1
DA:206,1
DA:207,1
DA:208,1
DA:211,1
DA:213,1
DA:221,1
DA:222,2
DA:223,1
DA:224,2
DA:225,1
DA:226,1
DA:235,1
DA:236,1
DA:237,1
DA:238,1
DA:239,1
DA:240,1
DA:243,1
DA:245,1
DA:246,1
DA:247,1
DA:248,1
DA:250,1
DA:251,3
DA:252,1
DA:260,4
DA:261,1
DA:262,6
DA:263,2
DA:266,1
DA:267,1
DA:268,2
DA:270,2
DA:277,1
DA:278,1
DA:280,1
DA:281,1
DA:287,2
LF:113
LH:112
end_of_record
SF:lib/features/moderation/review_queue_screen.dart
DA:13,2
DA:22,2
DA:23,2
DA:35,2
DA:36,10
DA:37,4
DA:40,2
DA:42,2
DA:43,2
DA:44,4
DA:45,4
DA:46,5
DA:47,8
DA:48,1
DA:49,1
DA:50,1
DA:53,4
DA:54,2
DA:58,2
DA:59,4
DA:60,4
DA:61,2
DA:62,2
DA:64,2
DA:67,2
DA:68,2
DA:69,4
DA:70,2
DA:73,4
DA:74,4
DA:75,2
DA:77,2
DA:79,2
DA:80,4
DA:81,4
DA:82,6
DA:83,4
DA:86,4
DA:87,2
DA:92,2
DA:94,10
DA:95,6
DA:96,4
DA:99,2
DA:100,8
DA:102,1
DA:103,4
DA:105,1
DA:106,4
DA:111,0
DA:112,0
DA:118,2
DA:120,2
DA:125,2
DA:126,2
DA:128,2
DA:129,2
DA:130,2
DA:137,1
DA:139,3
DA:140,1
DA:146,2
DA:147,2
DA:148,6
DA:150,2
DA:151,2
DA:152,8
DA:153,2
DA:154,6
DA:160,4
DA:161,4
DA:163,4
DA:164,0
DA:167,3
DA:168,1
DA:170,2
DA:171,2
DA:172,2
DA:173,2
DA:174,2
DA:176,2
DA:177,2
DA:179,4
DA:181,2
DA:183,2
DA:185,2
DA:187,2
DA:191,0
DA:193,0
DA:205,2
DA:206,2
DA:214,0
DA:215,0
DA:217,0
DA:218,0
DA:219,0
DA:221,0
DA:222,0
DA:224,0
DA:225,0
DA:226,0
LF:101
LH:86
end_of_record
SF:lib/features/moderation/moderation_service.dart
DA:8,3
DA:9,2
DA:11,1
DA:17,1
DA:18,2
DA:20,2
DA:22,2
DA:24,2
DA:25,1
DA:27,2
DA:30,1
DA:31,3
DA:32,2
DA:34,2
DA:36,3
DA:39,1
DA:40,3
DA:41,2
DA:43,2
DA:45,3
DA:48,1
DA:49,3
DA:50,2
DA:52,2
DA:54,3
DA:57,1
DA:58,3
DA:59,2
DA:61,1
DA:62,1
DA:65,2
DA:67,3
LF:32
LH:32
end_of_record
SF:lib/features/moderation/presentation/widgets/voting_progress_indicator.dart
DA:12,3
DA:14,3
DA:16,3
DA:18,3
DA:19,3
DA:21,12
DA:22,3
DA:24,3
DA:25,1
DA:26,1
DA:28,9
DA:30,3
DA:36,3
DA:37,3
DA:38,3
DA:39,3
DA:42,9
DA:45,3
DA:47,3
DA:49,9
DA:52,3
DA:53,9
DA:54,9
DA:60,3
DA:61,3
DA:62,9
DA:63,3
DA:68,3
DA:69,3
DA:70,3
DA:71,3
DA:72,9
DA:80,3
DA:81,9
DA:92,1
DA:93,1
DA:95,1
DA:97,3
DA:101,3
DA:102,3
DA:103,9
DA:104,12
DA:105,9
LF:43
LH:43
end_of_record
SF:lib/features/moderation/presentation/widgets/appeal_card.dart
DA:22,2
DA:30,2
DA:32,2
DA:35,2
DA:36,2
DA:37,2
DA:38,2
DA:40,2
DA:42,2
DA:43,2
DA:45,2
DA:47,2
DA:49,2
DA:50,8
DA:52,6
DA:54,2
DA:55,2
DA:63,2
DA:64,2
DA:65,2
DA:66,6
DA:68,2
DA:69,6
DA:70,6
DA:76,2
DA:77,2
DA:78,2
DA:79,2
DA:80,6
DA:82,6
DA:85,2
DA:86,6
DA:87,8
DA:89,6
DA:93,6
DA:98,2
DA:99,2
DA:101,2
DA:102,6
DA:103,2
DA:104,4
DA:105,2
DA:107,6
DA:113,2
DA:114,4
DA:115,6
DA:123,2
DA:124,2
DA:127,2
DA:128,6
DA:129,2
DA:131,2
DA:133,2
DA:134,2
DA:135,8
DA:136,2
DA:138,6
DA:141,2
DA:142,4
DA:143,6
DA:152,2
DA:153,2
DA:154,2
DA:155,2
DA:156,2
DA:161,6
DA:162,2
DA:165,6
LF:68
LH:68
end_of_record
SF:lib/features/core/utils/content_type_helper.dart
DA:12,3
DA:13,3
DA:14,3
DA:16,3
DA:18,1
DA:20,1
DA:22,1
DA:24,1
DA:26,1
DA:28,1
DA:30,1
DA:32,1
DA:40,1
DA:41,1
DA:42,1
DA:44,1
DA:46,1
DA:48,1
DA:50,1
DA:52,1
DA:54,1
DA:56,1
DA:58,1
DA:60,1
DA:68,1
DA:69,1
DA:70,1
DA:72,1
DA:74,1
DA:76,1
DA:78,1
DA:80,1
DA:82,1
DA:84,1
DA:86,1
DA:88,1
DA:96,1
DA:97,1
DA:98,1
DA:99,1
DA:100,1
DA:108,1
DA:109,1
LF:43
LH:43
end_of_record
SF:lib/features/core/utils/date_formatter.dart
DA:11,3
DA:12,3
DA:13,3
DA:15,6
DA:16,3
DA:17,1
DA:18,6
DA:19,9
DA:20,3
DA:21,2
DA:22,2
DA:23,2
DA:24,2
DA:25,2
DA:26,2
DA:33,1
DA:34,4
DA:38,1
DA:39,3
DA:40,3
DA:41,2
DA:45,1
DA:46,2
DA:47,4
DA:48,2
DA:49,4
DA:50,2
DA:51,4
LF:28
LH:28
end_of_record
SF:lib/features/moderation/presentation/widgets/voting_status_badge.dart
DA:12,3
DA:14,3
DA:16,6
DA:18,3
DA:20,3
DA:21,6
DA:22,3
DA:23,6
DA:25,3
DA:27,3
DA:28,9
DA:30,3
DA:31,3
DA:32,3
DA:35,3
DA:43,3
DA:45,3
DA:46,3
DA:51,2
DA:52,2
DA:57,1
DA:58,1
DA:63,1
DA:64,1
DA:78,3
LF:25
LH:25
end_of_record
SF:lib/features/moderation/presentation/widgets/urgency_indicator.dart
DA:11,2
DA:13,2
DA:15,4
DA:17,2
DA:19,2
DA:20,2
DA:21,2
DA:22,2
DA:24,2
DA:25,4
DA:26,2
DA:35,2
DA:36,2
DA:37,2
DA:38,2
LF:15
LH:15
end_of_record
SF:lib/features/auth/application/auth_state.dart
DA:6,1
DA:8,2
DA:9,2
DA:10,1
DA:11,1
LF:5
LH:5
end_of_record
SF:lib/features/auth/presentation/auth_screen.dart
DA:9,1
DA:11,2
DA:13,4
DA:15,2
DA:16,2
DA:17,2
DA:20,2
DA:21,2
DA:28,1
DA:29,4
DA:31,2
DA:33,1
DA:34,1
DA:35,1
DA:37,1
DA:39,1
DA:40,1
DA:41,1
DA:43,4
DA:46,4
DA:51,8
LF:21
LH:21
end_of_record
SF:lib/core/auth/pkce_helper.dart
DA:11,2
DA:15,4
DA:16,2
DA:21,2
DA:23,6
DA:24,6
DA:25,4
DA:28,4
DA:29,2
DA:30,4
DA:32,0
DA:33,0
DA:34,0
DA:36,0
DA:37,0
DA:45,2
DA:46,2
DA:47,2
DA:48,6
DA:53,2
DA:54,2
DA:55,2
DA:56,2
DA:61,2
DA:62,2
DA:63,2
DA:68,2
DA:69,2
DA:70,6
DA:71,4
LF:30
LH:25
end_of_record
SF:lib/p1_modules/critical_auth_validator.dart
DA:16,2
DA:17,2
DA:22,2
DA:23,4
DA:28,4
DA:38,1
DA:39,2
DA:51,1
DA:52,3
DA:60,2
DA:61,2
DA:63,4
DA:64,2
DA:65,4
DA:68,4
DA:69,2
DA:70,4
DA:73,4
DA:74,2
DA:75,4
DA:78,4
DA:79,1
DA:80,2
DA:83,4
DA:84,2
DA:85,4
DA:97,4
DA:98,1
DA:99,2
DA:102,4
DA:103,2
DA:111,2
DA:112,2
DA:117,2
DA:121,4
DA:122,2
DA:123,2
DA:124,2
DA:125,4
DA:130,2
DA:131,2
DA:132,2
DA:135,6
DA:138,4
DA:148,1
DA:149,1
DA:153,3
DA:158,1
DA:160,1
DA:161,1
DA:164,2
DA:165,3
DA:166,1
LF:53
LH:53
end_of_record
SF:lib/p1_modules/critical_security_ops.dart
DA:17,2
DA:18,2
DA:25,2
DA:26,2
DA:29,4
DA:30,2
DA:31,2
DA:36,4
DA:40,2
DA:41,2
DA:42,2
DA:43,2
DA:44,2
DA:45,2
DA:48,2
DA:49,2
DA:52,4
DA:53,2
DA:54,2
DA:58,2
DA:63,2
DA:64,2
DA:66,2
DA:80,4
DA:81,4
DA:82,1
DA:83,2
DA:98,4
DA:99,4
DA:100,2
DA:101,4
DA:114,4
DA:115,4
DA:116,2
DA:117,1
DA:119,2
DA:129,2
DA:132,2
DA:134,2
DA:136,8
DA:137,2
DA:142,2
DA:146,2
DA:148,4
DA:149,1
DA:150,2
DA:156,4
DA:157,2
DA:160,2
DA:161,2
DA:162,4
DA:166,8
DA:167,1
DA:168,2
DA:178,4
DA:179,6
DA:181,6
DA:182,6
DA:188,2
DA:189,4
DA:200,1
DA:202,1
DA:203,1
DA:204,1
DA:212,2
DA:221,6
DA:225,6
DA:241,6
DA:243,1
DA:244,1
DA:248,5
DA:257,1
DA:258,1
DA:262,3
LF:74
LH:74
end_of_record
