SF:lib/features/moderation/review_queue_screen.dart
DA:13,2
DA:22,2
DA:23,2
DA:35,2
DA:36,10
DA:37,4
DA:40,2
DA:42,2
DA:43,10
DA:44,4
DA:45,0
DA:46,0
DA:49,4
DA:50,2
DA:54,2
DA:55,12
DA:56,2
DA:59,2
DA:60,2
DA:61,3
DA:63,6
DA:64,1
DA:65,2
DA:66,2
DA:67,3
DA:68,2
DA:71,3
DA:75,1
DA:77,5
DA:78,3
DA:79,2
DA:82,1
DA:83,4
DA:85,0
DA:86,0
DA:88,0
DA:89,0
DA:94,0
DA:95,0
DA:101,2
DA:103,2
DA:106,1
DA:107,2
DA:108,1
DA:109,1
DA:116,5
DA:119,1
DA:120,1
DA:121,3
DA:123,1
DA:124,1
DA:125,4
DA:126,1
DA:127,3
DA:130,2
DA:131,2
DA:132,2
DA:133,2
DA:134,1
DA:135,1
DA:136,1
DA:137,1
DA:138,2
DA:139,3
DA:140,1
DA:141,1
DA:143,0
DA:154,1
DA:155,1
DA:163,0
DA:164,0
DA:166,0
DA:167,0
DA:168,0
DA:169,0
LF:75
LH:60
end_of_record
SF:lib/features/moderation/moderation_service.dart
DA:8,5
DA:10,1
DA:11,3
DA:12,4
DA:13,2
DA:14,1
DA:16,2
DA:19,1
DA:20,3
DA:21,4
DA:22,3
DA:25,1
DA:26,3
DA:27,4
DA:28,3
DA:31,1
DA:32,3
DA:33,4
DA:34,3
DA:37,1
DA:38,3
DA:39,2
DA:40,1
DA:41,1
DA:44,2
DA:45,3
LF:26
LH:26
end_of_record
SF:lib/features/moderation/domain/appeal.dart
DA:59,4
DA:87,1
DA:88,1
DA:89,1
DA:90,1
DA:91,1
DA:92,1
DA:93,1
DA:94,1
DA:95,1
DA:96,1
DA:97,1
DA:98,1
DA:99,2
DA:100,2
DA:101,1
DA:102,2
DA:103,1
DA:104,3
DA:105,1
DA:106,1
DA:107,4
DA:108,1
DA:110,1
DA:111,2
DA:113,1
DA:114,1
DA:115,1
DA:116,1
DA:117,1
DA:118,1
DA:122,1
DA:123,1
DA:124,1
DA:125,1
DA:126,1
DA:127,1
DA:128,1
DA:129,1
DA:130,1
DA:131,1
DA:132,1
DA:133,1
DA:134,2
DA:135,2
DA:136,1
DA:137,1
DA:138,1
DA:139,1
DA:140,1
DA:141,2
DA:142,2
DA:143,1
DA:144,1
DA:145,1
DA:146,1
DA:147,1
DA:148,1
DA:167,2
DA:178,1
DA:179,1
DA:180,1
DA:181,1
DA:182,1
DA:183,2
DA:184,1
DA:185,1
DA:186,1
DA:188,1
DA:189,3
DA:190,1
DA:191,1
DA:195,1
DA:196,1
DA:197,1
DA:198,1
DA:199,1
DA:200,1
DA:201,1
DA:202,1
DA:203,1
DA:204,5
DA:216,1
DA:223,1
DA:224,1
DA:225,1
DA:226,1
DA:227,1
DA:228,2
DA:232,1
DA:233,1
DA:234,1
DA:235,1
DA:236,1
DA:237,1
DA:252,1
DA:262,1
DA:263,1
DA:264,1
DA:265,1
DA:266,1
DA:267,1
DA:268,1
DA:269,2
DA:270,1
DA:274,1
DA:275,1
DA:276,1
DA:277,1
DA:278,1
DA:279,1
DA:280,1
DA:281,2
DA:282,1
DA:294,1
DA:301,1
DA:302,1
DA:303,1
DA:304,3
DA:305,1
DA:306,2
DA:307,3
DA:308,3
DA:321,1
DA:329,1
DA:330,1
DA:331,1
DA:332,1
DA:333,1
DA:334,1
DA:335,1
DA:348,1
DA:356,1
DA:357,1
DA:358,1
DA:359,1
DA:360,1
DA:361,1
DA:362,1
DA:366,1
DA:367,1
DA:368,3
DA:369,3
DA:370,3
DA:371,2
DA:372,2
DA:385,1
DA:393,1
DA:394,1
DA:395,1
DA:396,1
DA:397,1
DA:398,2
DA:399,3
DA:411,1
DA:418,1
DA:419,1
DA:420,1
DA:421,1
DA:422,1
DA:423,1
DA:424,2
LF:162
LH:162
end_of_record
SF:lib/features/moderation/presentation/widgets/voting_progress_indicator.dart
DA:12,3
DA:14,3
DA:16,3
DA:18,3
DA:19,3
DA:21,12
DA:22,3
DA:24,3
DA:25,1
DA:26,1
DA:28,9
DA:30,3
DA:36,3
DA:37,3
DA:38,3
DA:39,3
DA:42,9
DA:45,3
DA:47,3
DA:49,9
DA:52,3
DA:53,9
DA:54,9
DA:60,3
DA:61,3
DA:62,9
DA:63,3
DA:68,3
DA:69,3
DA:70,3
DA:71,3
DA:72,9
DA:80,3
DA:81,9
DA:92,1
DA:93,1
DA:95,1
DA:97,3
DA:101,3
DA:102,3
DA:103,9
DA:104,12
DA:105,9
LF:43
LH:43
end_of_record
SF:lib/features/moderation/presentation/widgets/voting_status_badge.dart
DA:12,3
DA:14,3
DA:16,6
DA:18,3
DA:20,3
DA:21,6
DA:22,3
DA:23,6
DA:25,3
DA:27,3
DA:28,9
DA:30,3
DA:31,3
DA:32,3
DA:35,3
DA:43,3
DA:45,3
DA:46,3
DA:51,2
DA:52,2
DA:57,1
DA:58,1
DA:63,1
DA:64,1
DA:78,3
LF:25
LH:25
end_of_record
SF:lib/features/core/utils/content_type_helper.dart
DA:12,3
DA:13,3
DA:14,3
DA:16,3
DA:18,1
DA:20,1
DA:22,1
DA:24,1
DA:26,1
DA:28,1
DA:30,1
DA:32,1
DA:40,1
DA:41,1
DA:42,1
DA:44,1
DA:46,1
DA:48,1
DA:50,1
DA:52,1
DA:54,1
DA:56,1
DA:58,1
DA:60,1
DA:68,1
DA:69,1
DA:70,1
DA:72,1
DA:74,1
DA:76,1
DA:78,1
DA:80,1
DA:82,1
DA:84,1
DA:86,1
DA:88,1
DA:96,1
DA:97,1
DA:98,1
DA:99,1
DA:100,1
DA:108,1
DA:109,1
LF:43
LH:43
end_of_record
SF:lib/features/core/utils/date_formatter.dart
DA:11,3
DA:15,3
DA:16,3
DA:18,6
DA:19,3
DA:20,1
DA:21,6
DA:22,9
DA:23,3
DA:24,2
DA:25,2
DA:26,2
DA:27,2
DA:28,2
DA:29,2
DA:36,1
DA:37,4
DA:41,1
DA:42,3
DA:43,3
DA:44,2
DA:48,1
DA:49,2
DA:50,4
DA:51,2
DA:52,4
DA:53,2
DA:54,4
LF:28
LH:28
end_of_record
SF:lib/features/moderation/presentation/widgets/appeal_card.dart
DA:22,2
DA:30,2
DA:32,2
DA:35,2
DA:36,2
DA:37,2
DA:38,2
DA:40,2
DA:42,2
DA:43,2
DA:45,2
DA:47,2
DA:49,2
DA:50,8
DA:52,6
DA:54,2
DA:55,2
DA:63,2
DA:64,2
DA:65,2
DA:66,6
DA:68,2
DA:69,6
DA:70,6
DA:76,2
DA:77,2
DA:78,2
DA:79,2
DA:80,6
DA:82,6
DA:85,2
DA:86,6
DA:87,8
DA:89,6
DA:93,6
DA:98,2
DA:99,2
DA:101,2
DA:102,6
DA:103,2
DA:104,4
DA:105,2
DA:107,6
DA:113,2
DA:114,4
DA:115,6
DA:123,2
DA:124,2
DA:127,2
DA:128,6
DA:129,2
DA:131,2
DA:133,2
DA:134,2
DA:135,8
DA:136,2
DA:138,6
DA:141,2
DA:142,4
DA:143,6
DA:152,2
DA:153,2
DA:154,2
DA:155,2
DA:156,2
DA:161,6
DA:162,2
DA:165,6
LF:68
LH:68
end_of_record
SF:lib/features/moderation/presentation/widgets/urgency_indicator.dart
DA:11,2
DA:13,2
DA:15,4
DA:17,2
DA:19,2
DA:20,2
DA:21,2
DA:22,2
DA:24,2
DA:25,4
DA:26,2
DA:35,2
DA:36,2
DA:37,2
DA:38,2
LF:15
LH:15
end_of_record
SF:lib/features/auth/application/auth_service.dart
DA:17,3
DA:33,0
DA:35,0
DA:38,3
DA:39,3
DA:40,3
DA:43,3
DA:45,1
DA:46,1
DA:47,1
DA:48,1
DA:51,1
DA:54,3
DA:55,1
DA:59,1
DA:60,1
DA:63,3
DA:70,2
DA:72,2
DA:73,1
DA:74,2
DA:90,1
DA:91,2
DA:92,1
DA:94,2
DA:95,1
DA:99,1
DA:100,3
DA:104,2
DA:105,3
DA:106,1
DA:107,3
DA:110,2
DA:111,2
DA:114,1
DA:116,1
DA:120,1
DA:122,1
DA:126,1
DA:129,2
DA:130,2
DA:131,3
DA:134,3
DA:136,2
DA:137,2
DA:138,2
DA:139,0
DA:141,1
DA:142,1
DA:143,2
DA:144,3
DA:146,2
DA:147,2
DA:148,0
DA:149,1
DA:150,1
DA:152,1
DA:155,1
DA:156,1
DA:162,3
DA:167,1
DA:170,2
DA:171,2
DA:174,1
DA:179,1
DA:180,1
DA:184,2
DA:185,3
DA:186,1
DA:188,1
DA:192,2
DA:194,2
DA:195,1
DA:196,1
DA:199,2
DA:201,2
DA:204,3
DA:206,2
DA:208,1
DA:209,1
DA:213,1
DA:221,1
DA:222,1
DA:228,0
DA:229,0
DA:240,1
DA:242,1
DA:245,2
DA:246,2
DA:247,2
DA:248,2
DA:249,2
DA:252,1
DA:254,1
DA:255,1
DA:266,1
DA:268,2
DA:271,2
DA:277,1
DA:279,2
DA:281,2
DA:287,1
DA:289,2
DA:290,1
DA:291,1
DA:292,1
DA:293,1
DA:294,1
DA:295,1
DA:298,1
DA:299,1
DA:305,2
DA:309,2
DA:311,4
DA:312,4
DA:313,2
DA:314,4
DA:317,4
DA:318,4
DA:319,5
DA:321,2
DA:324,4
DA:325,2
DA:326,1
DA:327,4
DA:330,2
DA:331,4
DA:335,3
DA:337,3
DA:339,1
DA:340,2
DA:342,2
DA:348,1
DA:349,1
DA:355,1
DA:357,1
DA:359,2
DA:362,2
DA:364,2
DA:368,2
DA:370,2
DA:373,3
DA:376,1
DA:377,1
DA:383,1
DA:384,3
DA:389,1
DA:391,1
DA:393,2
DA:395,1
DA:399,2
DA:401,2
DA:405,2
DA:407,2
DA:410,1
DA:412,1
DA:413,1
DA:421,1
DA:423,1
DA:424,3
DA:429,1
DA:431,2
DA:435,2
DA:436,3
DA:437,1
DA:439,1
DA:443,2
DA:445,2
DA:448,1
DA:451,2
DA:458,2
DA:464,3
LF:172
LH:166
end_of_record
SF:lib/features/auth/application/oauth2_service.dart
DA:53,2
DA:55,0
DA:58,2
DA:59,2
DA:61,0
DA:63,0
DA:65,0
DA:66,0
DA:83,1
DA:92,1
DA:93,1
DA:94,1
DA:95,1
DA:96,1
DA:97,1
DA:98,1
DA:99,2
DA:106,4
DA:113,3
DA:114,3
DA:118,0
DA:119,0
DA:137,1
DA:140,1
DA:141,1
DA:142,1
DA:143,1
DA:146,2
DA:153,2
DA:155,2
DA:159,1
DA:164,1
DA:171,1
DA:174,2
DA:175,1
DA:178,1
DA:182,0
DA:185,0
DA:191,0
DA:194,0
DA:196,0
DA:199,1
DA:201,1
DA:204,0
DA:205,0
DA:212,1
DA:214,2
DA:219,2
DA:220,1
DA:221,1
DA:225,1
DA:232,2
DA:234,1
DA:238,2
DA:241,2
DA:243,1
DA:246,2
DA:247,2
DA:249,2
DA:251,1
DA:255,1
DA:258,1
DA:264,1
DA:266,2
DA:271,2
DA:272,1
DA:273,1
DA:274,1
DA:279,2
DA:283,2
DA:284,1
DA:287,2
DA:289,1
DA:299,1
DA:301,2
DA:304,2
DA:307,1
DA:308,2
DA:315,1
DA:316,1
DA:318,1
DA:322,2
DA:326,1
DA:328,2
DA:331,1
DA:332,1
DA:339,1
DA:340,1
DA:341,1
DA:342,2
DA:347,2
DA:352,2
DA:354,2
DA:355,2
DA:358,2
DA:366,2
DA:369,2
DA:370,2
DA:372,2
DA:374,1
DA:377,1
DA:378,3
DA:379,0
DA:380,0
DA:382,0
DA:383,0
DA:384,0
DA:391,1
DA:395,1
DA:397,1
DA:399,1
DA:400,2
DA:401,2
DA:402,2
DA:406,0
DA:407,0
DA:408,0
DA:411,2
DA:420,0
DA:422,2
DA:423,4
DA:424,2
DA:425,2
DA:426,4
DA:427,4
DA:428,4
DA:432,4
DA:433,4
DA:434,2
DA:437,4
DA:439,1
DA:440,0
DA:446,2
DA:447,4
DA:450,2
DA:451,0
DA:452,0
DA:453,0
DA:458,4
DA:461,1
DA:465,2
DA:466,1
DA:467,1
DA:471,1
DA:474,1
DA:480,2
DA:481,2
DA:482,1
DA:483,1
DA:487,3
DA:490,1
DA:491,2
DA:493,1
DA:495,2
DA:497,1
DA:500,2
DA:501,2
DA:503,2
DA:505,1
DA:508,2
DA:510,3
DA:514,1
DA:515,2
DA:516,2
DA:517,2
DA:518,2
DA:521,1
DA:522,2
DA:523,1
DA:524,1
DA:525,2
DA:528,1
DA:529,1
DA:530,1
DA:533,1
DA:534,1
DA:535,2
DA:539,2
DA:544,2
DA:550,2
DA:551,2
DA:553,2
DA:554,2
DA:556,2
DA:557,2
DA:559,1
DA:561,1
DA:563,1
DA:564,1
LF:189
LH:162
end_of_record
SF:lib/features/auth/domain/auth_failure.dart
DA:5,6
DA:7,2
DA:10,6
DA:11,6
DA:13,2
DA:15,2
DA:17,1
DA:18,1
DA:20,2
DA:21,2
DA:23,2
DA:24,2
LF:12
LH:12
end_of_record
SF:lib/features/auth/domain/user.dart
DA:5,3
DA:28,3
DA:29,3
DA:30,3
DA:31,3
DA:32,6
DA:33,6
DA:34,3
DA:35,6
DA:36,6
DA:37,3
DA:38,3
DA:39,2
DA:45,3
DA:46,3
DA:47,3
DA:48,3
DA:49,6
DA:50,6
DA:51,3
DA:52,6
DA:53,6
DA:54,3
DA:55,4
DA:60,1
DA:71,1
DA:72,1
DA:73,1
DA:74,1
DA:75,1
DA:76,1
DA:77,1
DA:78,1
DA:79,1
DA:80,1
DA:84,1
DA:87,1
DA:88,3
DA:89,3
DA:90,3
DA:91,3
DA:92,3
DA:93,3
DA:94,3
DA:95,3
DA:96,3
DA:99,1
DA:101,1
DA:102,1
DA:103,1
DA:104,1
DA:105,1
DA:106,1
DA:107,1
DA:108,1
DA:109,1
DA:110,1
DA:114,1
DA:116,6
DA:129,3
DA:130,3
DA:131,12
DA:132,1
DA:147,3
DA:148,3
DA:149,12
DA:150,1
LF:67
LH:67
end_of_record
SF:lib/core/auth/auth_session_manager.dart
DA:15,1
DA:18,1
DA:20,1
DA:21,6
DA:23,1
DA:54,4
DA:65,2
DA:66,6
DA:67,4
DA:71,3
DA:72,3
DA:73,3
DA:74,3
DA:75,3
DA:76,3
DA:77,3
DA:78,6
DA:79,6
DA:84,2
DA:85,2
DA:86,2
DA:87,2
DA:88,2
DA:89,2
DA:90,2
DA:91,4
DA:92,4
DA:97,3
DA:106,3
DA:107,3
DA:108,2
DA:109,3
DA:110,3
DA:111,3
DA:112,3
DA:113,2
DA:139,1
DA:146,2
DA:148,1
DA:154,1
DA:158,1
DA:159,1
DA:160,2
DA:163,1
DA:167,1
DA:168,2
DA:172,1
DA:173,1
DA:178,2
DA:185,2
DA:187,2
DA:188,2
DA:189,2
DA:190,2
DA:192,2
DA:195,6
DA:197,2
DA:204,0
DA:210,2
DA:212,2
DA:213,2
DA:217,2
DA:218,4
DA:220,0
DA:226,2
DA:228,2
DA:231,2
DA:232,2
DA:237,2
DA:238,4
DA:244,0
DA:250,2
DA:252,2
DA:253,2
DA:255,2
DA:256,2
DA:257,2
DA:258,2
DA:262,2
DA:266,2
DA:269,0
DA:275,2
DA:277,2
DA:278,2
DA:279,2
DA:280,2
DA:282,4
DA:284,0
DA:290,2
DA:295,2
DA:298,2
DA:300,2
DA:301,2
DA:303,2
DA:306,4
DA:309,0
DA:315,2
DA:317,2
DA:321,1
DA:322,1
DA:325,1
DA:327,1
DA:329,0
DA:335,1
DA:337,1
DA:340,1
DA:342,0
DA:348,1
DA:352,3
DA:354,0
LF:110
LH:101
end_of_record
SF:lib/core/auth/pkce_helper.dart
DA:11,3
DA:15,6
DA:16,2
DA:21,3
DA:23,9
DA:24,9
DA:25,6
DA:28,6
DA:29,3
DA:30,4
DA:32,0
DA:33,0
DA:34,0
DA:36,0
DA:37,0
DA:45,3
DA:46,3
DA:47,3
DA:48,9
DA:53,2
DA:54,2
DA:55,2
DA:56,2
DA:61,2
DA:62,2
DA:63,2
DA:68,2
DA:69,2
DA:70,6
DA:71,4
LF:30
LH:25
end_of_record
SF:lib/features/auth/application/auth_state.dart
DA:6,1
DA:8,2
DA:9,2
DA:10,1
DA:11,1
LF:5
LH:5
end_of_record
SF:lib/features/auth/presentation/auth_screen.dart
DA:9,1
DA:11,2
DA:13,4
DA:15,2
DA:16,2
DA:17,2
DA:20,2
DA:21,2
DA:28,1
DA:29,4
DA:31,2
DA:33,1
DA:34,1
DA:35,1
DA:37,1
DA:39,1
DA:40,1
DA:41,1
DA:43,4
DA:46,4
DA:51,8
LF:21
LH:21
end_of_record
SF:lib/core/security/cert_pinning.dart
DA:47,2
DA:49,1
DA:56,0
DA:60,2
DA:65,4
DA:67,1
DA:68,0
DA:73,4
DA:74,1
DA:75,0
DA:81,1
DA:82,2
DA:86,2
DA:87,2
DA:90,4
DA:95,6
DA:98,6
DA:99,4
DA:101,0
DA:109,1
DA:112,0
DA:115,4
DA:117,1
DA:118,0
DA:125,1
DA:128,1
DA:130,2
DA:131,0
DA:132,5
DA:133,1
DA:134,0
DA:136,0
DA:137,0
DA:138,0
DA:139,0
DA:140,0
DA:146,1
DA:151,2
DA:152,4
DA:153,0
DA:154,10
DA:155,2
DA:161,0
DA:162,0
DA:166,0
DA:167,0
DA:170,0
DA:171,0
DA:184,2
DA:190,2
DA:191,1
DA:192,1
DA:193,1
DA:194,3
DA:199,2
LF:55
LH:35
end_of_record
SF:lib/core/security/device_integrity.dart
DA:27,2
DA:35,3
DA:37,2
DA:38,2
DA:39,1
DA:40,2
DA:41,1
DA:42,1
DA:43,2
DA:54,2
DA:56,2
DA:57,2
DA:58,8
DA:59,2
DA:72,2
DA:76,0
DA:88,2
DA:93,2
DA:101,2
DA:103,2
DA:113,2
DA:114,2
DA:119,3
DA:121,2
DA:124,1
DA:126,1
DA:127,1
DA:137,1
DA:138,1
DA:139,1
DA:143,2
DA:144,2
DA:147,4
DA:148,4
DA:152,8
DA:160,0
DA:161,0
DA:164,0
DA:165,0
DA:166,0
DA:170,0
DA:171,0
DA:172,0
DA:173,0
DA:174,0
DA:175,0
DA:180,0
DA:181,0
DA:182,0
DA:183,0
DA:184,0
DA:185,0
LF:52
LH:34
end_of_record
SF:lib/p1_modules/critical_auth_validator.dart
DA:16,2
DA:17,2
DA:22,2
DA:23,4
DA:28,4
DA:38,1
DA:39,2
DA:51,1
DA:52,3
DA:60,2
DA:61,2
DA:63,4
DA:64,2
DA:65,4
DA:68,4
DA:69,2
DA:70,4
DA:73,4
DA:74,2
DA:75,4
DA:78,4
DA:79,1
DA:80,2
DA:83,4
DA:84,2
DA:85,4
DA:97,4
DA:98,1
DA:99,2
DA:102,4
DA:103,2
DA:111,2
DA:112,2
DA:117,2
DA:121,4
DA:122,2
DA:123,2
DA:124,2
DA:125,4
DA:130,2
DA:131,2
DA:132,2
DA:135,6
DA:138,4
DA:148,1
DA:149,1
DA:153,3
DA:158,1
DA:160,1
DA:161,1
DA:164,2
DA:165,3
DA:166,1
LF:53
LH:53
end_of_record
SF:lib/p1_modules/critical_security_ops.dart
DA:17,2
DA:18,2
DA:25,2
DA:26,2
DA:29,4
DA:30,2
DA:31,2
DA:36,4
DA:40,2
DA:41,2
DA:42,2
DA:43,2
DA:44,2
DA:45,2
DA:48,2
DA:49,2
DA:52,4
DA:53,2
DA:54,2
DA:58,2
DA:63,2
DA:64,2
DA:66,2
DA:80,4
DA:81,4
DA:82,1
DA:83,2
DA:98,4
DA:99,4
DA:100,2
DA:101,4
DA:114,4
DA:115,4
DA:116,2
DA:117,1
DA:119,2
DA:129,2
DA:132,2
DA:134,2
DA:136,8
DA:137,2
DA:142,2
DA:146,2
DA:148,4
DA:149,1
DA:150,2
DA:156,4
DA:157,2
DA:160,2
DA:161,2
DA:162,4
DA:166,8
DA:167,1
DA:168,2
DA:178,4
DA:179,6
DA:181,6
DA:182,6
DA:188,2
DA:189,4
DA:200,1
DA:202,1
DA:203,1
DA:204,1
DA:212,2
DA:221,6
DA:225,6
DA:241,6
DA:243,1
DA:244,1
DA:248,5
DA:257,1
DA:258,1
DA:262,3
LF:74
LH:74
end_of_record
